Starting job 601624 on c1-28 at Mon Apr 29 11:26:56 CEST 2024

Submitted batch job 601625

Task and CPU usage stats:
JobID           JobName  AllocCPUS   NTasks     MinCPU MinCPUTask     AveCPU    Elapsed ExitCode 
------------ ---------- ---------- -------- ---------- ---------- ---------- ---------- -------- 
601624       allocation          1                                             00:00:01      0:0 
601624.batch      batch          1        1   00:00:00          0   00:00:00   00:00:01      0:0 
601624.exte+     extern          1        1   00:00:00          0   00:00:00   00:00:01      0:0 

Memory usage stats:
JobID            MaxRSS MaxRSSTask     AveRSS MaxPages   MaxPagesTask   AvePages 
------------ ---------- ---------- ---------- -------- -------------- ---------- 
601624                                                                           
601624.batch       140K          0       140K        0              0          0 
601624.exte+       196K          0       196K        0              0          0 

Disk usage stats:
JobID         MaxDiskRead MaxDiskReadTask    AveDiskRead MaxDiskWrite MaxDiskWriteTask   AveDiskWrite 
------------ ------------ --------------- -------------- ------------ ---------------- -------------- 
601624                                                                                                
601624.batch            0               0              0        0.00M                0          0.00M 
601624.exte+        0.01M               0          0.01M        0.00M                0          0.00M 

Job 601624 completed at Mon Apr 29 11:26:56 CEST 2024
