Starting job 601620 on c1-28 at Mon Apr 29 11:24:21 CEST 2024

Submitted batch job 601621

Task and CPU usage stats:
JobID           JobName  AllocCPUS   NTasks     MinCPU MinCPUTask     AveCPU    Elapsed ExitCode 
------------ ---------- ---------- -------- ---------- ---------- ---------- ---------- -------- 
601620       allocation          1                                             00:00:01      0:0 
601620.batch      batch          1        1   00:00:00          0   00:00:00   00:00:01      0:0 
601620.exte+     extern          1        1   00:00:00          0   00:00:00   00:00:01      0:0 

Memory usage stats:
JobID            MaxRSS MaxRSSTask     AveRSS MaxPages   MaxPagesTask   AvePages 
------------ ---------- ---------- ---------- -------- -------------- ---------- 
601620                                                                           
601620.batch        84K          0        84K        0              0          0 
601620.exte+       200K          0       200K        0              0          0 

Disk usage stats:
JobID         MaxDiskRead MaxDiskReadTask    AveDiskRead MaxDiskWrite MaxDiskWriteTask   AveDiskWrite 
------------ ------------ --------------- -------------- ------------ ---------------- -------------- 
601620                                                                                                
601620.batch            0               0              0        0.00M                0          0.00M 
601620.exte+        0.01M               0          0.01M        0.00M                0          0.00M 

Job 601620 completed at Mon Apr 29 11:24:21 CEST 2024
