Starting job 503143 on c1-27 at Mon Apr 8 15:27:25 CEST 2024

Submitted batch job 503145

Task and CPU usage stats:
JobID           JobName  AllocCPUS   NTasks     MinCPU MinCPUTask     AveCPU    Elapsed ExitCode 
------------ ---------- ---------- -------- ---------- ---------- ---------- ---------- -------- 
503143       start.slu+          1                                             00:00:01      0:0 
503143.batch      batch          1        1   00:00:00          0   00:00:00   00:00:01      0:0 
503143.exte+     extern          1        1   00:00:00          0   00:00:00   00:00:01      0:0 

Memory usage stats:
JobID            MaxRSS MaxRSSTask     AveRSS MaxPages   MaxPagesTask   AvePages 
------------ ---------- ---------- ---------- -------- -------------- ---------- 
503143                                                                           
503143.batch       312K          0       312K        0              0          0 
503143.exte+       200K          0       200K        0              0          0 

Disk usage stats:
JobID         MaxDiskRead MaxDiskReadTask    AveDiskRead MaxDiskWrite MaxDiskWriteTask   AveDiskWrite 
------------ ------------ --------------- -------------- ------------ ---------------- -------------- 
503143                                                                                                
503143.batch            0               0              0        0.00M                0          0.00M 
503143.exte+        0.01M               0          0.01M        0.00M                0          0.00M 

Job 503143 completed at Mon Apr 8 15:27:26 CEST 2024
