Starting job 447732 on gpu-5 at Wed Mar 6 10:51:13 CET 2024

Submitted batch job 447765

Task and CPU usage stats:
JobID           JobName  AllocCPUS   NTasks     MinCPU MinCPUTask     AveCPU    Elapsed ExitCode 
------------ ---------- ---------- -------- ---------- ---------- ---------- ---------- -------- 
447732       start.slu+          1                                             00:00:01      0:0 
447732.batch      batch          1        1   00:00:00          0   00:00:00   00:00:01      0:0 
447732.exte+     extern          1        1   00:00:00          0   00:00:00   00:00:01      0:0 

Memory usage stats:
JobID            MaxRSS MaxRSSTask     AveRSS MaxPages   MaxPagesTask   AvePages 
------------ ---------- ---------- ---------- -------- -------------- ---------- 
447732                                                                           
447732.batch       116K          0       116K        0              0          0 
447732.exte+          0          0          0        0              0          0 

Disk usage stats:
JobID         MaxDiskRead MaxDiskReadTask    AveDiskRead MaxDiskWrite MaxDiskWriteTask   AveDiskWrite 
------------ ------------ --------------- -------------- ------------ ---------------- -------------- 
447732                                                                                                
447732.batch            0               0              0        0.00M                0          0.00M 
447732.exte+        0.01M               0          0.01M        0.00M                0          0.00M 

Job 447732 completed at Wed Mar 6 10:51:14 CET 2024
