Starting job 449013 on gpu-5 at Thu Mar 7 11:03:36 CET 2024

Submitted batch job 449014
Submitted batch job 449015
Submitted batch job 449016

Task and CPU usage stats:
JobID           JobName  AllocCPUS   NTasks     MinCPU MinCPUTask     AveCPU    Elapsed ExitCode 
------------ ---------- ---------- -------- ---------- ---------- ---------- ---------- -------- 
449013       allocation          1                                             00:00:01      0:0 
449013.batch      batch          1        1   00:00:00          0   00:00:00   00:00:01      0:0 
449013.exte+     extern          1        1   00:00:00          0   00:00:00   00:00:01      0:0 

Memory usage stats:
JobID            MaxRSS MaxRSSTask     AveRSS MaxPages   MaxPagesTask   AvePages 
------------ ---------- ---------- ---------- -------- -------------- ---------- 
449013                                                                           
449013.batch       144K          0       144K        0              0          0 
449013.exte+          0          0          0        0              0          0 

Disk usage stats:
JobID         MaxDiskRead MaxDiskReadTask    AveDiskRead MaxDiskWrite MaxDiskWriteTask   AveDiskWrite 
------------ ------------ --------------- -------------- ------------ ---------------- -------------- 
449013                                                                                                
449013.batch            0               0              0        0.00M                0          0.00M 
449013.exte+        0.01M               0          0.01M        0.00M                0          0.00M 

Job 449013 completed at Thu Mar 7 11:03:36 CET 2024
