Starting job 449019 on gpu-9 at Thu Mar 7 11:05:53 CET 2024

Submitted batch job 449024
Submitted batch job 449026
Submitted batch job 449027

Task and CPU usage stats:
JobID           JobName  AllocCPUS   NTasks     MinCPU MinCPUTask     AveCPU    Elapsed ExitCode 
------------ ---------- ---------- -------- ---------- ---------- ---------- ---------- -------- 
449019       start.slu+          1                                             00:00:01      0:0 
449019.batch      batch          1        1   00:00:00          0   00:00:00   00:00:01      0:0 
449019.exte+     extern          1        1   00:00:00          0   00:00:00   00:00:01      0:0 

Memory usage stats:
JobID            MaxRSS MaxRSSTask     AveRSS MaxPages   MaxPagesTask   AvePages 
------------ ---------- ---------- ---------- -------- -------------- ---------- 
449019                                                                           
449019.batch       204K          0       204K        0              0          0 
449019.exte+          0          0          0        0              0          0 

Disk usage stats:
JobID         MaxDiskRead MaxDiskReadTask    AveDiskRead MaxDiskWrite MaxDiskWriteTask   AveDiskWrite 
------------ ------------ --------------- -------------- ------------ ---------------- -------------- 
449019                                                                                                
449019.batch            0               0              0        0.00M                0          0.00M 
449019.exte+        0.01M               0          0.01M        0.00M                0          0.00M 

GPU usage stats:

Job 449019 completed at Thu Mar 7 11:05:53 CET 2024
