Starting job 463445 on gpu-4 at Thu Mar 14 10:42:07 CET 2024

Submitted batch job 463446

Task and CPU usage stats:
JobID           JobName  AllocCPUS   NTasks     MinCPU MinCPUTask     AveCPU    Elapsed ExitCode 
------------ ---------- ---------- -------- ---------- ---------- ---------- ---------- -------- 
463445       start.slu+          1                                             00:00:00      0:0 
463445.batch      batch          1        1   00:00:00          0   00:00:00   00:00:00      0:0 
463445.exte+     extern          1        1   00:00:00          0   00:00:00   00:00:00      0:0 

Memory usage stats:
JobID            MaxRSS MaxRSSTask     AveRSS MaxPages   MaxPagesTask   AvePages 
------------ ---------- ---------- ---------- -------- -------------- ---------- 
463445                                                                           
463445.batch       252K          0       252K        0              0          0 
463445.exte+          0          0          0        0              0          0 

Disk usage stats:
JobID         MaxDiskRead MaxDiskReadTask    AveDiskRead MaxDiskWrite MaxDiskWriteTask   AveDiskWrite 
------------ ------------ --------------- -------------- ------------ ---------------- -------------- 
463445                                                                                                
463445.batch            0               0              0        0.00M                0          0.00M 
463445.exte+        0.01M               0          0.01M        0.00M                0          0.00M 

Job 463445 completed at Thu Mar 14 10:42:07 CET 2024
