Starting job 449020 on gpu-5 at Thu Mar 7 11:05:53 CET 2024

Submitted batch job 449022
Submitted batch job 449023
Submitted batch job 449025

Task and CPU usage stats:
JobID           JobName  AllocCPUS   NTasks     MinCPU MinCPUTask     AveCPU    Elapsed ExitCode 
------------ ---------- ---------- -------- ---------- ---------- ---------- ---------- -------- 
449020       start.slu+          1                                             00:00:01      0:0 
449020.batch      batch          1        1   00:00:00          0   00:00:00   00:00:01      0:0 
449020.exte+     extern          1        1   00:00:00          0   00:00:00   00:00:01      0:0 

Memory usage stats:
JobID            MaxRSS MaxRSSTask     AveRSS MaxPages   MaxPagesTask   AvePages 
------------ ---------- ---------- ---------- -------- -------------- ---------- 
449020                                                                           
449020.batch       268K          0       268K        0              0          0 
449020.exte+          0          0          0        0              0          0 

Disk usage stats:
JobID         MaxDiskRead MaxDiskReadTask    AveDiskRead MaxDiskWrite MaxDiskWriteTask   AveDiskWrite 
------------ ------------ --------------- -------------- ------------ ---------------- -------------- 
449020                                                                                                
449020.batch            0               0              0        0.00M                0          0.00M 
449020.exte+        0.01M               0          0.01M        0.00M                0          0.00M 

Job 449020 completed at Thu Mar 7 11:05:53 CET 2024
