Starting job 448884 on c1-[8-9] at Thu Mar 7 09:52:45 CET 2024

It computed through the whole 1000 iteration(1000 - 0) in 60.232 seconds 
Width = 256, Height = 256, Depth = 256
It computed through the whole 1000 iteration(1000 - 0) in 60.356 seconds 
Width = 256, Height = 256, Depth = 256
Comparing the matrixes
Mismatch found at position (width = 13, height = 1, depth = 1) (mat_combined = 0.0001410824384303, mat_compare = 0.0001410824384293)

Task and CPU usage stats:
JobID           JobName  AllocCPUS   NTasks     MinCPU MinCPUTask     AveCPU    Elapsed ExitCode 
------------ ---------- ---------- -------- ---------- ---------- ---------- ---------- -------- 
448884       width256_+          2                                             00:01:13      0:0 
448884.batch      batch          1        1   00:01:07          0   00:01:07   00:01:13      0:0 
448884.exte+     extern          2        2   00:00:00          1   00:00:00   00:01:13      0:0 
448884.0          orted          2        1                                    00:01:13      0:0 

Memory usage stats:
JobID            MaxRSS MaxRSSTask     AveRSS MaxPages   MaxPagesTask   AvePages 
------------ ---------- ---------- ---------- -------- -------------- ---------- 
448884                                                                           
448884.batch    287440K          0    287440K        8              0          8 
448884.exte+       204K          0       204K        0              0          0 
448884.0                                                                         

Disk usage stats:
JobID         MaxDiskRead MaxDiskReadTask    AveDiskRead MaxDiskWrite MaxDiskWriteTask   AveDiskWrite 
------------ ------------ --------------- -------------- ------------ ---------------- -------------- 
448884                                                                                                
448884.batch       46.30M               0         46.30M       11.96M                0         11.96M 
448884.exte+        0.01M               0          0.01M        0.00M                0          0.00M 
448884.0                                                                                              

Job 448884 completed at Thu Mar 7 09:53:58 CET 2024
