Starting job 451290 on c1-[9-10] at Fri Mar 8 16:40:50 CET 2024

Time(event) - 0.00000 s
Time(event) - 0.00000 s
Comparing the grids
All elements match!

Task and CPU usage stats:
JobID           JobName  AllocCPUS   NTasks     MinCPU MinCPUTask     AveCPU    Elapsed ExitCode 
------------ ---------- ---------- -------- ---------- ---------- ---------- ---------- -------- 
451290       width100_+          2                                             00:00:03      0:0 
451290.batch      batch          1        1   00:00:01          0   00:00:01   00:00:03      0:0 
451290.exte+     extern          2        2   00:00:00          0   00:00:00   00:00:03      0:0 
451290.0          orted          2        1                                    00:00:03      0:0 

Memory usage stats:
JobID            MaxRSS MaxRSSTask     AveRSS MaxPages   MaxPagesTask   AvePages 
------------ ---------- ---------- ---------- -------- -------------- ---------- 
451290                                                                           
451290.batch      4944K          0      4944K        7              0          7 
451290.exte+       200K          0       198K        0              0          0 
451290.0                                                                         

Disk usage stats:
JobID         MaxDiskRead MaxDiskReadTask    AveDiskRead MaxDiskWrite MaxDiskWriteTask   AveDiskWrite 
------------ ------------ --------------- -------------- ------------ ---------------- -------------- 
451290                                                                                                
451290.batch            0               0              0        0.00M                0          0.00M 
451290.exte+        0.01M               0          0.01M        0.00M                0          0.00M 
451290.0                                                                                              

Job 451290 completed at Fri Mar 8 16:40:53 CET 2024
