Starting job 449625 on c1-[14-15] at Thu Mar 7 18:06:18 CET 2024

Time(event) - 511.73961 s
Time(event) - 510.98138 s
Comparing the grids
Error opening file.

Task and CPU usage stats:
JobID           JobName  AllocCPUS   NTasks     MinCPU MinCPUTask     AveCPU    Elapsed ExitCode 
------------ ---------- ---------- -------- ---------- ---------- ---------- ---------- -------- 
449625       width256_+          2                                             00:08:41      0:0 
449625.batch      batch          1        1   00:08:35          0   00:08:35   00:08:41      0:0 
449625.exte+     extern          2        2   00:00:00          0   00:00:00   00:08:41      0:0 
449625.0          orted          2        1                                    00:08:41      0:0 

Memory usage stats:
JobID            MaxRSS MaxRSSTask     AveRSS MaxPages   MaxPagesTask   AvePages 
------------ ---------- ---------- ---------- -------- -------------- ---------- 
449625                                                                           
449625.batch    218004K          0    218004K        7              0          7 
449625.exte+       204K          1       102K        0              1          0 
449625.0                                                                         

Disk usage stats:
JobID         MaxDiskRead MaxDiskReadTask    AveDiskRead MaxDiskWrite MaxDiskWriteTask   AveDiskWrite 
------------ ------------ --------------- -------------- ------------ ---------------- -------------- 
449625                                                                                                
449625.batch       46.29M               0         46.29M       11.96M                0         11.96M 
449625.exte+        0.01M               1          0.01M        0.00M                1          0.00M 
449625.0                                                                                              

Job 449625 completed at Thu Mar 7 18:15:00 CET 2024
