Starting job 451406 on c1-[9-10] at Fri Mar 8 16:44:25 CET 2024

Time(event) - 0.00903 s
Time(event) - 0.00957 s
Comparing the grids
Mismatch found at position (width = 1, height = 1, depth = 1) (data_combined = 0.0002500383752177, data_compare = 0.0001486986476416)

Task and CPU usage stats:
JobID           JobName  AllocCPUS   NTasks     MinCPU MinCPUTask     AveCPU    Elapsed ExitCode 
------------ ---------- ---------- -------- ---------- ---------- ---------- ---------- -------- 
451406       width100_+          2                                             00:00:06      0:0 
451406.batch      batch          1        1   00:00:01          0   00:00:01   00:00:06      0:0 
451406.exte+     extern          2        2   00:00:00          0   00:00:00   00:00:06      0:0 
451406.0          orted          2        1                                    00:00:06      0:0 

Memory usage stats:
JobID            MaxRSS MaxRSSTask     AveRSS MaxPages   MaxPagesTask   AvePages 
------------ ---------- ---------- ---------- -------- -------------- ---------- 
451406                                                                           
451406.batch      4916K          0      4916K        7              0          7 
451406.exte+       196K          0       196K        0              0          0 
451406.0                                                                         

Disk usage stats:
JobID         MaxDiskRead MaxDiskReadTask    AveDiskRead MaxDiskWrite MaxDiskWriteTask   AveDiskWrite 
------------ ------------ --------------- -------------- ------------ ---------------- -------------- 
451406                                                                                                
451406.batch            0               0              0        0.00M                0          0.00M 
451406.exte+        0.01M               0          0.01M        0.00M                0          0.00M 
451406.0                                                                                              

Job 451406 completed at Fri Mar 8 16:44:31 CET 2024
