Starting job 453267 on c1-[17-18] at Mon Mar 11 13:07:31 CET 2024

Time(event) - 21.21016 s
Time(event) - 21.18894 s
Comparing the grids
All elements match!

Task and CPU usage stats:
JobID           JobName  AllocCPUS   NTasks     MinCPU MinCPUTask     AveCPU    Elapsed ExitCode 
------------ ---------- ---------- -------- ---------- ---------- ---------- ---------- -------- 
453267       width128_+          2                                             00:00:25      0:0 
453267.batch      batch          1        1   00:00:23          0   00:00:23   00:00:25      0:0 
453267.exte+     extern          2        2   00:00:00          0   00:00:00   00:00:25      0:0 
453267.0          orted          2        1                                    00:00:25      0:0 

Memory usage stats:
JobID            MaxRSS MaxRSSTask     AveRSS MaxPages   MaxPagesTask   AvePages 
------------ ---------- ---------- ---------- -------- -------------- ---------- 
453267                                                                           
453267.batch      4816K          0      4816K        7              0          7 
453267.exte+       204K          1       202K        0              1          0 
453267.0                                                                         

Disk usage stats:
JobID         MaxDiskRead MaxDiskReadTask    AveDiskRead MaxDiskWrite MaxDiskWriteTask   AveDiskWrite 
------------ ------------ --------------- -------------- ------------ ---------------- -------------- 
453267                                                                                                
453267.batch            0               0              0        0.00M                0          0.00M 
453267.exte+        0.01M               1          0.01M        0.00M                1          0.00M 
453267.0                                                                                              

Job 453267 completed at Mon Mar 11 13:07:57 CET 2024
