Starting job 480380 on gpu-9 at Tue Mar 19 20:20:43 CET 2024

Time(event) - 0.66828 s
Comparing the matrixes
All elements match!

Task and CPU usage stats:
JobID           JobName  AllocCPUS   NTasks     MinCPU MinCPUTask     AveCPU    Elapsed ExitCode 
------------ ---------- ---------- -------- ---------- ---------- ---------- ---------- -------- 
480380       width512_+          1                                             00:00:11      0:0 
480380.batch      batch          1        1   00:00:08          0   00:00:08   00:00:11      0:0 
480380.exte+     extern          1        1   00:00:00          0   00:00:00   00:00:11      0:0 

Memory usage stats:
JobID            MaxRSS MaxRSSTask     AveRSS MaxPages   MaxPagesTask   AvePages 
------------ ---------- ---------- ---------- -------- -------------- ---------- 
480380                                                                           
480380.batch     48552K          0     48552K        0              0          0 
480380.exte+          0          0          0        0              0          0 

Disk usage stats:
JobID         MaxDiskRead MaxDiskReadTask    AveDiskRead MaxDiskWrite MaxDiskWriteTask   AveDiskWrite 
------------ ------------ --------------- -------------- ------------ ---------------- -------------- 
480380                                                                                                
480380.batch            0               0              0        0.00M                0          0.00M 
480380.exte+        0.01M               0          0.01M        0.00M                0          0.00M 

GPU usage stats:

Job 480380 completed at Tue Mar 19 20:20:54 CET 2024
