Starting job 480391 on gpu-9 at Tue Mar 19 20:21:08 CET 2024

Time(event) - 9.05725 s
Comparing the matrixes
All elements match!

Task and CPU usage stats:
JobID           JobName  AllocCPUS   NTasks     MinCPU MinCPUTask     AveCPU    Elapsed ExitCode 
------------ ---------- ---------- -------- ---------- ---------- ---------- ---------- -------- 
480391       width2048+          1                                             00:00:18      0:0 
480391.batch      batch          1        1   00:00:17          0   00:00:17   00:00:18      0:0 
480391.exte+     extern          1        1   00:00:00          0   00:00:00   00:00:18      0:0 

Memory usage stats:
JobID            MaxRSS MaxRSSTask     AveRSS MaxPages   MaxPagesTask   AvePages 
------------ ---------- ---------- ---------- -------- -------------- ---------- 
480391                                                                           
480391.batch       420K          0       420K        0              0          0 
480391.exte+          0          0          0        0              0          0 

Disk usage stats:
JobID         MaxDiskRead MaxDiskReadTask    AveDiskRead MaxDiskWrite MaxDiskWriteTask   AveDiskWrite 
------------ ------------ --------------- -------------- ------------ ---------------- -------------- 
480391                                                                                                
480391.batch            0               0              0        0.00M                0          0.00M 
480391.exte+        0.01M               0          0.01M        0.00M                0          0.00M 

GPU usage stats:

Job 480391 completed at Tue Mar 19 20:21:26 CET 2024
