Starting job 480397 on gpu-9 at Tue Mar 19 20:24:44 CET 2024

Time(event) - 1.54314 s
Comparing the grids
All elements match!

Task and CPU usage stats:
JobID           JobName  AllocCPUS   NTasks     MinCPU MinCPUTask     AveCPU    Elapsed ExitCode 
------------ ---------- ---------- -------- ---------- ---------- ---------- ---------- -------- 
480397       width128_+          1                                             00:00:11      0:0 
480397.batch      batch          1        1   00:00:09          0   00:00:09   00:00:11      0:0 
480397.exte+     extern          1        1   00:00:00          0   00:00:00   00:00:11      0:0 

Memory usage stats:
JobID            MaxRSS MaxRSSTask     AveRSS MaxPages   MaxPagesTask   AvePages 
------------ ---------- ---------- ---------- -------- -------------- ---------- 
480397                                                                           
480397.batch       432K          0       432K        0              0          0 
480397.exte+          0          0          0        0              0          0 

Disk usage stats:
JobID         MaxDiskRead MaxDiskReadTask    AveDiskRead MaxDiskWrite MaxDiskWriteTask   AveDiskWrite 
------------ ------------ --------------- -------------- ------------ ---------------- -------------- 
480397                                                                                                
480397.batch            0               0              0        0.00M                0          0.00M 
480397.exte+        0.01M               0          0.01M        0.00M                0          0.00M 

GPU usage stats:

Job 480397 completed at Tue Mar 19 20:24:54 CET 2024
