Starting job 480406 on gpu-9 at Tue Mar 19 20:27:07 CET 2024

Time(event) - 28.82065 s
Comparing the grids
All elements match!

Task and CPU usage stats:
JobID           JobName  AllocCPUS   NTasks     MinCPU MinCPUTask     AveCPU    Elapsed ExitCode 
------------ ---------- ---------- -------- ---------- ---------- ---------- ---------- -------- 
480406       width512_+          1                                             00:00:45      0:0 
480406.batch      batch          1        1   00:00:44          0   00:00:44   00:00:45      0:0 
480406.exte+     extern          1        1   00:00:00          0   00:00:00   00:00:45      0:0 

Memory usage stats:
JobID            MaxRSS MaxRSSTask     AveRSS MaxPages   MaxPagesTask   AvePages 
------------ ---------- ---------- ---------- -------- -------------- ---------- 
480406                                                                           
480406.batch    283444K          0    283444K        0              0          0 
480406.exte+          0          0          0        0              0          0 

Disk usage stats:
JobID         MaxDiskRead MaxDiskReadTask    AveDiskRead MaxDiskWrite MaxDiskWriteTask   AveDiskWrite 
------------ ------------ --------------- -------------- ------------ ---------------- -------------- 
480406                                                                                                
480406.batch       66.01M               0         66.01M       19.69M                0         19.69M 
480406.exte+        0.01M               0          0.01M        0.00M                0          0.00M 

GPU usage stats:

Job 480406 completed at Tue Mar 19 20:27:52 CET 2024
