Starting job 480407 on gpu-9 at Tue Mar 19 20:27:53 CET 2024

Time(event) - 117.91302 s
Comparing the grids
All elements match!

Task and CPU usage stats:
JobID           JobName  AllocCPUS   NTasks     MinCPU MinCPUTask     AveCPU    Elapsed ExitCode 
------------ ---------- ---------- -------- ---------- ---------- ---------- ---------- -------- 
480407       width512_+          1                                             00:02:41      0:0 
480407.batch      batch          1        1   00:02:39          0   00:02:39   00:02:41      0:0 
480407.exte+     extern          1        1   00:00:00          0   00:00:00   00:02:41      0:0 

Memory usage stats:
JobID            MaxRSS MaxRSSTask     AveRSS MaxPages   MaxPagesTask   AvePages 
------------ ---------- ---------- ---------- -------- -------------- ---------- 
480407                                                                           
480407.batch   1814008K          0   1814008K        0              0          0 
480407.exte+          0          0          0        0              0          0 

Disk usage stats:
JobID         MaxDiskRead MaxDiskReadTask    AveDiskRead MaxDiskWrite MaxDiskWriteTask   AveDiskWrite 
------------ ------------ --------------- -------------- ------------ ---------------- -------------- 
480407                                                                                                
480407.batch     1822.87M               0       1822.87M       19.69M                0         19.69M 
480407.exte+        0.01M               0          0.01M        0.00M                0          0.00M 

GPU usage stats:

Job 480407 completed at Tue Mar 19 20:30:33 CET 2024
