Starting job 480396 on gpu-9 at Tue Mar 19 20:24:31 CET 2024

Time(event) - 3.21690 s
Comparing the grids
All elements match!

Task and CPU usage stats:
JobID           JobName  AllocCPUS   NTasks     MinCPU MinCPUTask     AveCPU    Elapsed ExitCode 
------------ ---------- ---------- -------- ---------- ---------- ---------- ---------- -------- 
480396       width256_+          1                                             00:00:11      0:0 
480396.batch      batch          1        1   00:00:11          0   00:00:11   00:00:11      0:0 
480396.exte+     extern          1        1   00:00:00          0   00:00:00   00:00:11      0:0 

Memory usage stats:
JobID            MaxRSS MaxRSSTask     AveRSS MaxPages   MaxPagesTask   AvePages 
------------ ---------- ---------- ---------- -------- -------------- ---------- 
480396                                                                           
480396.batch       472K          0       472K        0              0          0 
480396.exte+          0          0          0        0              0          0 

Disk usage stats:
JobID         MaxDiskRead MaxDiskReadTask    AveDiskRead MaxDiskWrite MaxDiskWriteTask   AveDiskWrite 
------------ ------------ --------------- -------------- ------------ ---------------- -------------- 
480396                                                                                                
480396.batch            0               0              0        0.00M                0          0.00M 
480396.exte+        0.01M               0          0.01M        0.00M                0          0.00M 

GPU usage stats:

Job 480396 completed at Tue Mar 19 20:24:43 CET 2024
