Starting job 480402 on gpu-9 at Tue Mar 19 20:24:55 CET 2024

Time(event) - 13.16070 s
Comparing the grids
All elements match!

Task and CPU usage stats:
JobID           JobName  AllocCPUS   NTasks     MinCPU MinCPUTask     AveCPU    Elapsed ExitCode 
------------ ---------- ---------- -------- ---------- ---------- ---------- ---------- -------- 
480402       width256_+          1                                             00:00:25      0:0 
480402.batch      batch          1        1   00:00:24          0   00:00:24   00:00:25      0:0 
480402.exte+     extern          1        1   00:00:00          0   00:00:00   00:00:25      0:0 

Memory usage stats:
JobID            MaxRSS MaxRSSTask     AveRSS MaxPages   MaxPagesTask   AvePages 
------------ ---------- ---------- ---------- -------- -------------- ---------- 
480402                                                                           
480402.batch       404K          0       404K        0              0          0 
480402.exte+          0          0          0        0              0          0 

Disk usage stats:
JobID         MaxDiskRead MaxDiskReadTask    AveDiskRead MaxDiskWrite MaxDiskWriteTask   AveDiskWrite 
------------ ------------ --------------- -------------- ------------ ---------------- -------------- 
480402                                                                                                
480402.batch            0               0              0        0.00M                0          0.00M 
480402.exte+        0.01M               0          0.01M        0.00M                0          0.00M 

GPU usage stats:

Job 480402 completed at Tue Mar 19 20:25:20 CET 2024
