Starting job 480403 on gpu-9 at Tue Mar 19 20:25:23 CET 2024

Time(event) - 6.55343 s
Comparing the grids
All elements match!

Task and CPU usage stats:
JobID           JobName  AllocCPUS   NTasks     MinCPU MinCPUTask     AveCPU    Elapsed ExitCode 
------------ ---------- ---------- -------- ---------- ---------- ---------- ---------- -------- 
480403       width256_+          1                                             00:00:17      0:0 
480403.batch      batch          1        1   00:00:16          0   00:00:16   00:00:17      0:0 
480403.exte+     extern          1        1   00:00:00          0   00:00:00   00:00:17      0:0 

Memory usage stats:
JobID            MaxRSS MaxRSSTask     AveRSS MaxPages   MaxPagesTask   AvePages 
------------ ---------- ---------- ---------- -------- -------------- ---------- 
480403                                                                           
480403.batch       404K          0       404K        0              0          0 
480403.exte+          0          0          0        0              0          0 

Disk usage stats:
JobID         MaxDiskRead MaxDiskReadTask    AveDiskRead MaxDiskWrite MaxDiskWriteTask   AveDiskWrite 
------------ ------------ --------------- -------------- ------------ ---------------- -------------- 
480403                                                                                                
480403.batch            0               0              0        0.00M                0          0.00M 
480403.exte+        0.01M               0          0.01M        0.00M                0          0.00M 

GPU usage stats:

Job 480403 completed at Tue Mar 19 20:25:40 CET 2024
