Starting job 463621 on c1-[22-23] at Thu Mar 14 12:46:45 CET 2024

Time(event) - 10.68947 s
Time(event) - 10.68961 s
Comparing the grids
All elements match!

Task and CPU usage stats:
JobID           JobName  AllocCPUS   NTasks     MinCPU MinCPUTask     AveCPU    Elapsed ExitCode 
------------ ---------- ---------- -------- ---------- ---------- ---------- ---------- -------- 
463621       width128_+          2                                             00:00:16      0:0 
463621.batch      batch          1        1   00:00:12          0   00:00:12   00:00:16      0:0 
463621.exte+     extern          2        2   00:00:00          1   00:00:00   00:00:16      0:0 
463621.0          orted          2        1                                    00:00:16      0:0 

Memory usage stats:
JobID            MaxRSS MaxRSSTask     AveRSS MaxPages   MaxPagesTask   AvePages 
------------ ---------- ---------- ---------- -------- -------------- ---------- 
463621                                                                           
463621.batch     15772K          0     15772K        7              0          7 
463621.exte+       200K          1       198K        0              1          0 
463621.0                                                                         

Disk usage stats:
JobID         MaxDiskRead MaxDiskReadTask    AveDiskRead MaxDiskWrite MaxDiskWriteTask   AveDiskWrite 
------------ ------------ --------------- -------------- ------------ ---------------- -------------- 
463621                                                                                                
463621.batch            0               0              0        0.00M                0          0.00M 
463621.exte+        0.01M               1          0.01M        0.00M                1          0.00M 
463621.0                                                                                              

Job 463621 completed at Thu Mar 14 12:47:01 CET 2024
