Starting job 453269 on c1-[17-18] at Mon Mar 11 13:07:39 CET 2024

Time(event) - 100.03316 s
Time(event) - 100.08458 s
Comparing the grids
All elements match!

Task and CPU usage stats:
JobID           JobName  AllocCPUS   NTasks     MinCPU MinCPUTask     AveCPU    Elapsed ExitCode 
------------ ---------- ---------- -------- ---------- ---------- ---------- ---------- -------- 
453269       width256_+          2                                             00:01:47      0:0 
453269.batch      batch          1        1   00:01:45          0   00:01:45   00:01:47      0:0 
453269.exte+     extern          2        2   00:00:00          0   00:00:00   00:01:47      0:0 
453269.0          orted          2        1                                    00:01:47      0:0 

Memory usage stats:
JobID            MaxRSS MaxRSSTask     AveRSS MaxPages   MaxPagesTask   AvePages 
------------ ---------- ---------- ---------- -------- -------------- ---------- 
453269                                                                           
453269.batch    217808K          0    217808K        7              0          7 
453269.exte+       200K          1       198K        0              1          0 
453269.0                                                                         

Disk usage stats:
JobID         MaxDiskRead MaxDiskReadTask    AveDiskRead MaxDiskWrite MaxDiskWriteTask   AveDiskWrite 
------------ ------------ --------------- -------------- ------------ ---------------- -------------- 
453269                                                                                                
453269.batch       20.59M               0         20.59M        4.19M                0          4.19M 
453269.exte+        0.01M               1          0.01M        0.00M                1          0.00M 
453269.0                                                                                              

Job 453269 completed at Mon Mar 11 13:09:26 CET 2024
