make[1]: Entering directory '/global/D1/homes/vidaro/Master/Mas/GPU_n'
nvcc -rdc=true -c main.cu -o main.o
nvcc -rdc=true -c jacobi.cu -o jacobi.o
nvcc -rdc=true main.o jacobi.o -o out -L/../../usr/lib/x86_64-linux-gnu/libnccl.so
./out

out 0
The computation found a solution with 2 gpus. It computed it within 2988058 iterations (10000000 - 7011942) and 602.852 seconds.
Width = 1024, Height = 1024
threadBlock = (32, 32, 1), gridDim = (16, 1, 1)

0.000, 0.000, 0.000, 0.000, 0.000, 0.000, 0.000, 0.000, 0.000, 0.000, 0.000, 0.000, 0.000, 0.000, 0.000, 0.000, 0.000, 0.000, 0.000, 0.000, 
0.000, -0.000, 0.000, -0.000, 0.000, -0.000, 0.000, -0.000, 0.000, -0.000, 0.000, -0.000, 0.000, -0.000, 0.000, -0.000, 0.000, -0.000, 0.000, -0.000, 
0.000, 0.000, -0.000, 0.000, -0.000, 0.000, -0.000, 0.000, -0.000, 0.000, -0.000, 0.000, -0.000, 0.000, -0.000, 0.000, -0.000, 0.000, -0.000, 0.000, 
0.000, -0.000, 0.000, -0.000, 0.000, -0.000, 0.000, -0.000, 0.000, -0.000, 0.000, -0.000, 0.000, -0.000, 0.000, -0.000, 0.000, -0.000, 0.000, -0.000, 
0.000, 0.000, -0.000, 0.000, -0.000, 0.000, -0.000, 0.000, -0.000, 0.000, -0.000, 0.000, -0.000, 0.000, -0.000, 0.000, -0.000, 0.000, -0.000, 0.000, 
0.000, -0.000, 0.000, -0.000, 0.000, -0.000, 0.000, -0.000, 0.000, -0.000, 0.000, -0.000, 0.000, -0.000, 0.000, -0.000, 0.000, -0.000, 0.000, -0.000, 
0.000, 0.000, -0.000, 0.000, -0.000, 0.000, -0.000, 0.000, -0.000, 0.000, -0.000, 0.000, -0.000, 0.000, -0.000, 0.000, -0.000, 0.000, -0.000, 0.000, 
0.000, -0.000, 0.000, -0.000, 0.000, -0.000, 0.000, -0.000, 0.000, -0.000, 0.000, -0.000, 0.000, -0.000, 0.000, -0.000, 0.000, -0.000, 0.000, -0.000, 
0.000, 0.000, -0.000, 0.000, -0.000, 0.000, -0.000, 0.000, -0.000, 0.000, -0.000, 0.000, -0.000, 0.000, -0.000, 0.000, -0.000, 0.000, -0.000, 0.000, 
0.000, -0.000, 0.000, -0.000, 0.000, -0.000, 0.000, -0.000, 0.000, -0.000, 0.000, -0.000, 0.000, -0.000, 0.000, -0.000, 0.000, -0.000, 0.000, -0.000, 
0.000, 0.000, -0.000, 0.000, -0.000, 0.000, -0.000, 0.000, -0.000, 0.000, -0.000, 0.000, -0.000, 0.000, -0.000, 0.000, -0.000, 0.000, -0.000, 0.000, 
0.000, -0.000, 0.000, -0.000, 0.000, -0.000, 0.000, -0.000, 0.000, -0.000, 0.000, -0.000, 0.000, -0.000, 0.000, -0.000, 0.000, -0.000, 0.000, -0.000, 
0.000, 0.000, -0.000, 0.000, -0.000, 0.000, -0.000, 0.000, -0.000, 0.000, -0.000, 0.000, -0.000, 0.000, -0.000, 0.000, -0.000, 0.000, -0.000, 0.000, 
0.000, -0.000, 0.000, -0.000, 0.000, -0.000, 0.000, -0.000, 0.000, -0.000, 0.000, -0.000, 0.000, -0.000, 0.000, -0.000, 0.000, -0.000, 0.000, -0.000, 
0.000, 0.000, -0.000, 0.000, -0.000, 0.000, -0.000, 0.000, -0.000, 0.000, -0.000, 0.000, -0.000, 0.000, -0.000, 0.000, -0.000, 0.000, -0.000, 0.000, 
0.000, -0.000, 0.000, -0.000, 0.000, -0.000, 0.000, -0.000, 0.000, -0.000, 0.000, -0.000, 0.000, -0.000, 0.000, -0.000, 0.000, -0.000, 0.000, -0.000, 
0.000, 0.000, -0.000, 0.000, -0.000, 0.000, -0.000, 0.000, -0.000, 0.000, -0.000, 0.000, -0.000, 0.000, -0.000, 0.000, -0.000, 0.000, -0.000, 0.000, 
0.000, -0.000, 0.000, -0.000, 0.000, -0.000, 0.000, -0.000, 0.000, -0.000, 0.000, -0.000, 0.000, -0.000, 0.000, -0.000, 0.000, -0.000, 0.000, -0.000, 
0.000, 0.000, -0.000, 0.000, -0.000, 0.000, -0.000, 0.000, -0.000, 0.000, -0.000, 0.000, -0.000, 0.000, -0.000, 0.000, -0.000, 0.000, -0.000, 0.000, 
0.000, -0.000, 0.000, -0.000, 0.000, -0.000, 0.000, -0.000, 0.000, -0.000, 0.000, -0.000, 0.000, -0.000, 0.000, -0.000, 0.000, -0.000, 0.000, -0.000, 
make[1]: Leaving directory '/global/D1/homes/vidaro/Master/Mas/GPU_n'
make[1]: Entering directory '/global/D1/homes/vidaro/Master/Mas/GPU_n'
rm -f main.o jacobi.o out
make[1]: Leaving directory '/global/D1/homes/vidaro/Master/Mas/GPU_n'
