Starting job 465099 on gpu-1 at Fri Mar 15 10:05:19 CET 2024

sbatch: error: Invalid Trackable RESource (TRES) specification

Task and CPU usage stats:
JobID           JobName  AllocCPUS   NTasks     MinCPU MinCPUTask     AveCPU    Elapsed ExitCode 
------------ ---------- ---------- -------- ---------- ---------- ---------- ---------- -------- 
465099       start.slu+          1                                             00:00:00      1:0 
465099.batch      batch          1        1   00:00:00          0   00:00:00   00:00:00      1:0 
465099.exte+     extern          1        1   00:00:00          0   00:00:00   00:00:00      0:0 

Memory usage stats:
JobID            MaxRSS MaxRSSTask     AveRSS MaxPages   MaxPagesTask   AvePages 
------------ ---------- ---------- ---------- -------- -------------- ---------- 
465099                                                                           
465099.batch       332K          0       332K        0              0          0 
465099.exte+          0          0          0        0              0          0 

Disk usage stats:
JobID         MaxDiskRead MaxDiskReadTask    AveDiskRead MaxDiskWrite MaxDiskWriteTask   AveDiskWrite 
------------ ------------ --------------- -------------- ------------ ---------------- -------------- 
465099                                                                                                
465099.batch            0               0              0        0.00M                0          0.00M 
465099.exte+        0.01M               0          0.01M        0.00M                0          0.00M 

Job 465099 completed at Fri Mar 15 10:05:19 CET 2024
