Starting job 465106 on gpu-1 at Fri Mar 15 10:06:19 CET 2024

sbatch: error: Invalid Trackable RESource (TRES) specification

Task and CPU usage stats:
JobID           JobName  AllocCPUS   NTasks     MinCPU MinCPUTask     AveCPU    Elapsed ExitCode 
------------ ---------- ---------- -------- ---------- ---------- ---------- ---------- -------- 
465106       start.slu+          1                                             00:00:00      1:0 
465106.batch      batch          1        1   00:00:00          0   00:00:00   00:00:00      1:0 
465106.exte+     extern          1        1   00:00:00          0   00:00:00   00:00:00      0:0 

Memory usage stats:
JobID            MaxRSS MaxRSSTask     AveRSS MaxPages   MaxPagesTask   AvePages 
------------ ---------- ---------- ---------- -------- -------------- ---------- 
465106                                                                           
465106.batch       156K          0       156K        0              0          0 
465106.exte+          0          0          0        0              0          0 

Disk usage stats:
JobID         MaxDiskRead MaxDiskReadTask    AveDiskRead MaxDiskWrite MaxDiskWriteTask   AveDiskWrite 
------------ ------------ --------------- -------------- ------------ ---------------- -------------- 
465106                                                                                                
465106.batch            0               0              0        0.00M                0          0.00M 
465106.exte+        0.01M               0          0.01M        0.00M                0          0.00M 

Job 465106 completed at Fri Mar 15 10:06:19 CET 2024
