Starting job 471434 on gpu-9 at Mon Mar 18 00:11:07 CET 2024

Submitted batch job 471435

Task and CPU usage stats:
JobID           JobName  AllocCPUS   NTasks     MinCPU MinCPUTask     AveCPU    Elapsed ExitCode 
------------ ---------- ---------- -------- ---------- ---------- ---------- ---------- -------- 
471434       start.slu+          1                                             00:00:01      0:0 
471434.batch      batch          1        1   00:00:00          0   00:00:00   00:00:01      0:0 
471434.exte+     extern          1        1   00:00:00          0   00:00:00   00:00:01      0:0 

Memory usage stats:
JobID            MaxRSS MaxRSSTask     AveRSS MaxPages   MaxPagesTask   AvePages 
------------ ---------- ---------- ---------- -------- -------------- ---------- 
471434                                                                           
471434.batch       152K          0       152K        0              0          0 
471434.exte+          0          0          0        0              0          0 

Disk usage stats:
JobID         MaxDiskRead MaxDiskReadTask    AveDiskRead MaxDiskWrite MaxDiskWriteTask   AveDiskWrite 
------------ ------------ --------------- -------------- ------------ ---------------- -------------- 
471434                                                                                                
471434.batch            0               0              0        0.00M                0          0.00M 
471434.exte+        0.01M               0          0.01M        0.00M                0          0.00M 

GPU usage stats:

Job 471434 completed at Mon Mar 18 00:11:08 CET 2024
