Starting job 465107 on gpu-9 at Fri Mar 15 10:06:49 CET 2024

sbatch: error: Invalid Trackable RESource (TRES) specification

Task and CPU usage stats:
JobID           JobName  AllocCPUS   NTasks     MinCPU MinCPUTask     AveCPU    Elapsed ExitCode 
------------ ---------- ---------- -------- ---------- ---------- ---------- ---------- -------- 
465107       start.slu+          1                                             00:00:00      1:0 
465107.batch      batch          1        1   00:00:00          0   00:00:00   00:00:00      1:0 
465107.exte+     extern          1        1   00:00:00          0   00:00:00   00:00:00      0:0 

Memory usage stats:
JobID            MaxRSS MaxRSSTask     AveRSS MaxPages   MaxPagesTask   AvePages 
------------ ---------- ---------- ---------- -------- -------------- ---------- 
465107                                                                           
465107.batch       244K          0       244K        0              0          0 
465107.exte+          0          0          0        0              0          0 

Disk usage stats:
JobID         MaxDiskRead MaxDiskReadTask    AveDiskRead MaxDiskWrite MaxDiskWriteTask   AveDiskWrite 
------------ ------------ --------------- -------------- ------------ ---------------- -------------- 
465107                                                                                                
465107.batch            0               0              0        0.00M                0          0.00M 
465107.exte+        0.01M               0          0.01M        0.00M                0          0.00M 

GPU usage stats:

Job 465107 completed at Fri Mar 15 10:06:49 CET 2024
