Starting job 465101 on gpu-1 at Fri Mar 15 10:05:49 CET 2024

sbatch: error: Invalid Trackable RESource (TRES) specification

Task and CPU usage stats:
JobID           JobName  AllocCPUS   NTasks     MinCPU MinCPUTask     AveCPU    Elapsed ExitCode 
------------ ---------- ---------- -------- ---------- ---------- ---------- ---------- -------- 
465101       start.slu+          1                                             00:00:00      1:0 
465101.batch      batch          1        1   00:00:00          0   00:00:00   00:00:00      1:0 
465101.exte+     extern          1        1   00:00:00          0   00:00:00   00:00:00      0:0 

Memory usage stats:
JobID            MaxRSS MaxRSSTask     AveRSS MaxPages   MaxPagesTask   AvePages 
------------ ---------- ---------- ---------- -------- -------------- ---------- 
465101                                                                           
465101.batch       112K          0       112K        0              0          0 
465101.exte+          0          0          0        0              0          0 

Disk usage stats:
JobID         MaxDiskRead MaxDiskReadTask    AveDiskRead MaxDiskWrite MaxDiskWriteTask   AveDiskWrite 
------------ ------------ --------------- -------------- ------------ ---------------- -------------- 
465101                                                                                                
465101.batch            0               0              0        0.00M                0          0.00M 
465101.exte+        0.01M               0          0.01M        0.00M                0          0.00M 

Job 465101 completed at Fri Mar 15 10:05:49 CET 2024
