Starting job 465105 on gpu-9 at Fri Mar 15 10:06:19 CET 2024

sbatch: error: Invalid Trackable RESource (TRES) specification

Task and CPU usage stats:
JobID           JobName  AllocCPUS   NTasks     MinCPU MinCPUTask     AveCPU    Elapsed ExitCode 
------------ ---------- ---------- -------- ---------- ---------- ---------- ---------- -------- 
465105       start.slu+          1                                             00:00:00      1:0 
465105.batch      batch          1        1   00:00:00          0   00:00:00   00:00:00      1:0 
465105.exte+     extern          1        1   00:00:00          0   00:00:00   00:00:00      0:0 

Memory usage stats:
JobID            MaxRSS MaxRSSTask     AveRSS MaxPages   MaxPagesTask   AvePages 
------------ ---------- ---------- ---------- -------- -------------- ---------- 
465105                                                                           
465105.batch       204K          0       204K        0              0          0 
465105.exte+          0          0          0        0              0          0 

Disk usage stats:
JobID         MaxDiskRead MaxDiskReadTask    AveDiskRead MaxDiskWrite MaxDiskWriteTask   AveDiskWrite 
------------ ------------ --------------- -------------- ------------ ---------------- -------------- 
465105                                                                                                
465105.batch            0               0              0        0.00M                0          0.00M 
465105.exte+        0.01M               0          0.01M        0.00M                0          0.00M 

GPU usage stats:

Job 465105 completed at Fri Mar 15 10:06:19 CET 2024
