Starting job 450780 on c1-28 at Fri Mar 8 15:31:21 CET 2024

Time(event) - 6.13153 s

Task and CPU usage stats:
JobID           JobName  AllocCPUS   NTasks     MinCPU MinCPUTask     AveCPU    Elapsed ExitCode 
------------ ---------- ---------- -------- ---------- ---------- ---------- ---------- -------- 
450780       width1024+          1                                             00:00:06      0:0 
450780.batch      batch          1        1   00:00:06          0   00:00:06   00:00:06      0:0 
450780.exte+     extern          1        1   00:00:00          0   00:00:00   00:00:06      0:0 

Memory usage stats:
JobID            MaxRSS MaxRSSTask     AveRSS MaxPages   MaxPagesTask   AvePages 
------------ ---------- ---------- ---------- -------- -------------- ---------- 
450780                                                                           
450780.batch        68K          0        68K        0              0          0 
450780.exte+          0          0          0        0              0          0 

Disk usage stats:
JobID         MaxDiskRead MaxDiskReadTask    AveDiskRead MaxDiskWrite MaxDiskWriteTask   AveDiskWrite 
------------ ------------ --------------- -------------- ------------ ---------------- -------------- 
450780                                                                                                
450780.batch            0               0              0        0.00M                0          0.00M 
450780.exte+        0.01M               0          0.01M        0.00M                0          0.00M 

Job 450780 completed at Fri Mar 8 15:31:28 CET 2024
