Starting job 450792 on c1-28 at Fri Mar 8 15:31:58 CET 2024

Time(event) - 682.96481 s

Task and CPU usage stats:
JobID           JobName  AllocCPUS   NTasks     MinCPU MinCPUTask     AveCPU    Elapsed ExitCode 
------------ ---------- ---------- -------- ---------- ---------- ---------- ---------- -------- 
450792       width8192+          1                                             00:11:29      0:0 
450792.batch      batch          1        1   00:11:24          0   00:11:24   00:11:29      0:0 
450792.exte+     extern          1        1   00:00:00          0   00:00:00   00:11:29      0:0 

Memory usage stats:
JobID            MaxRSS MaxRSSTask     AveRSS MaxPages   MaxPagesTask   AvePages 
------------ ---------- ---------- ---------- -------- -------------- ---------- 
450792                                                                           
450792.batch   1051344K          0   1051344K        0              0          0 
450792.exte+       200K          0       200K        0              0          0 

Disk usage stats:
JobID         MaxDiskRead MaxDiskReadTask    AveDiskRead MaxDiskWrite MaxDiskWriteTask   AveDiskWrite 
------------ ------------ --------------- -------------- ------------ ---------------- -------------- 
450792                                                                                                
450792.batch        5.69M               0          5.69M        0.05M                0          0.05M 
450792.exte+        0.01M               0          0.01M        0.00M                0          0.00M 

Job 450792 completed at Fri Mar 8 15:43:28 CET 2024
