Starting job 450788 on c1-28 at Fri Mar 8 15:31:30 CET 2024

Time(event) - 37.02667 s

Task and CPU usage stats:
JobID           JobName  AllocCPUS   NTasks     MinCPU MinCPUTask     AveCPU    Elapsed ExitCode 
------------ ---------- ---------- -------- ---------- ---------- ---------- ---------- -------- 
450788       width2048+          1                                             00:00:37      0:0 
450788.batch      batch          1        1   00:00:37          0   00:00:37   00:00:37      0:0 
450788.exte+     extern          1        1   00:00:00          0   00:00:00   00:00:37      0:0 

Memory usage stats:
JobID            MaxRSS MaxRSSTask     AveRSS MaxPages   MaxPagesTask   AvePages 
------------ ---------- ---------- ---------- -------- -------------- ---------- 
450788                                                                           
450788.batch     66396K          0     66396K        0              0          0 
450788.exte+       200K          0       200K        0              0          0 

Disk usage stats:
JobID         MaxDiskRead MaxDiskReadTask    AveDiskRead MaxDiskWrite MaxDiskWriteTask   AveDiskWrite 
------------ ------------ --------------- -------------- ------------ ---------------- -------------- 
450788                                                                                                
450788.batch        5.69M               0          5.69M        0.05M                0          0.05M 
450788.exte+        0.01M               0          0.01M        0.00M                0          0.00M 

Job 450788 completed at Fri Mar 8 15:32:08 CET 2024
