Starting job 480338 on gpu-7 at Tue Mar 19 17:00:57 CET 2024

Time(event) - 328.63358 s

Task and CPU usage stats:
JobID           JobName  AllocCPUS   NTasks     MinCPU MinCPUTask     AveCPU    Elapsed ExitCode 
------------ ---------- ---------- -------- ---------- ---------- ---------- ---------- -------- 
480338       width4096+          1                                             00:05:38      0:0 
480338.batch      batch          1        1   00:05:34          0   00:05:34   00:05:38      0:0 
480338.exte+     extern          1        1   00:00:00          0   00:00:00   00:05:38      0:0 

Memory usage stats:
JobID            MaxRSS MaxRSSTask     AveRSS MaxPages   MaxPagesTask   AvePages 
------------ ---------- ---------- ---------- -------- -------------- ---------- 
480338                                                                           
480338.batch    263380K          0    263380K        0              0          0 
480338.exte+          0          0          0        0              0          0 

Disk usage stats:
JobID         MaxDiskRead MaxDiskReadTask    AveDiskRead MaxDiskWrite MaxDiskWriteTask   AveDiskWrite 
------------ ------------ --------------- -------------- ------------ ---------------- -------------- 
480338                                                                                                
480338.batch        5.21M               0          5.21M        0.04M                0          0.04M 
480338.exte+        0.01M               0          0.01M        0.00M                0          0.00M 

Job 480338 completed at Tue Mar 19 17:06:35 CET 2024
