Starting job 480333 on gpu-7 at Tue Mar 19 17:00:27 CET 2024

Time(event) - 10.50772 s

Task and CPU usage stats:
JobID           JobName  AllocCPUS   NTasks     MinCPU MinCPUTask     AveCPU    Elapsed ExitCode 
------------ ---------- ---------- -------- ---------- ---------- ---------- ---------- -------- 
480333       width1024+          1                                             00:00:12      0:0 
480333.batch      batch          1        1   00:00:11          0   00:00:11   00:00:12      0:0 
480333.exte+     extern          1        1   00:00:00          0   00:00:00   00:00:12      0:0 

Memory usage stats:
JobID            MaxRSS MaxRSSTask     AveRSS MaxPages   MaxPagesTask   AvePages 
------------ ---------- ---------- ---------- -------- -------------- ---------- 
480333                                                                           
480333.batch        52K          0        52K        0              0          0 
480333.exte+          0          0          0        0              0          0 

Disk usage stats:
JobID         MaxDiskRead MaxDiskReadTask    AveDiskRead MaxDiskWrite MaxDiskWriteTask   AveDiskWrite 
------------ ------------ --------------- -------------- ------------ ---------------- -------------- 
480333                                                                                                
480333.batch            0               0              0        0.00M                0          0.00M 
480333.exte+        0.01M               0          0.01M        0.00M                0          0.00M 

Job 480333 completed at Tue Mar 19 17:00:38 CET 2024
