Starting job 480334 on gpu-7 at Tue Mar 19 17:00:27 CET 2024

Time(event) - 41.33775 s

Task and CPU usage stats:
JobID           JobName  AllocCPUS   NTasks     MinCPU MinCPUTask     AveCPU    Elapsed ExitCode 
------------ ---------- ---------- -------- ---------- ---------- ---------- ---------- -------- 
480334       width2048+          1                                             00:00:44      0:0 
480334.batch      batch          1        1   00:00:43          0   00:00:43   00:00:44      0:0 
480334.exte+     extern          1        1   00:00:00          0   00:00:00   00:00:44      0:0 

Memory usage stats:
JobID            MaxRSS MaxRSSTask     AveRSS MaxPages   MaxPagesTask   AvePages 
------------ ---------- ---------- ---------- -------- -------------- ---------- 
480334                                                                           
480334.batch     66468K          0     66468K        0              0          0 
480334.exte+          0          0          0        0              0          0 

Disk usage stats:
JobID         MaxDiskRead MaxDiskReadTask    AveDiskRead MaxDiskWrite MaxDiskWriteTask   AveDiskWrite 
------------ ------------ --------------- -------------- ------------ ---------------- -------------- 
480334                                                                                                
480334.batch        5.21M               0          5.21M        0.04M                0          0.04M 
480334.exte+        0.01M               0          0.01M        0.00M                0          0.00M 

Job 480334 completed at Tue Mar 19 17:01:11 CET 2024
