Starting job 450768 on c1-28 at Fri Mar 8 15:31:09 CET 2024

Time(event) - 1.47384 s

Task and CPU usage stats:
JobID           JobName  AllocCPUS   NTasks     MinCPU MinCPUTask     AveCPU    Elapsed ExitCode 
------------ ---------- ---------- -------- ---------- ---------- ---------- ---------- -------- 
450768       width512_+          1                                             00:00:02      0:0 
450768.batch      batch          1        1   00:00:01          0   00:00:01   00:00:02      0:0 
450768.exte+     extern          1        1   00:00:00          0   00:00:00   00:00:02      0:0 

Memory usage stats:
JobID            MaxRSS MaxRSSTask     AveRSS MaxPages   MaxPagesTask   AvePages 
------------ ---------- ---------- ---------- -------- -------------- ---------- 
450768                                                                           
450768.batch        36K          0        36K        0              0          0 
450768.exte+       200K          0       200K        0              0          0 

Disk usage stats:
JobID         MaxDiskRead MaxDiskReadTask    AveDiskRead MaxDiskWrite MaxDiskWriteTask   AveDiskWrite 
------------ ------------ --------------- -------------- ------------ ---------------- -------------- 
450768                                                                                                
450768.batch            0               0              0        0.00M                0          0.00M 
450768.exte+        0.01M               0          0.01M        0.00M                0          0.00M 

Job 450768 completed at Fri Mar 8 15:31:11 CET 2024
