Starting job 602637 on gpu-9 at Mon Apr 29 12:28:21 CEST 2024

2
2
4
Submitted batch job 602638

Task and CPU usage stats:
JobID           JobName  AllocCPUS   NTasks     MinCPU MinCPUTask     AveCPU    Elapsed ExitCode 
------------ ---------- ---------- -------- ---------- ---------- ---------- ---------- -------- 
602637       allocation          1                                             00:00:01      0:0 
602637.batch      batch          1        1   00:00:00          0   00:00:00   00:00:01      0:0 
602637.exte+     extern          1        1   00:00:00          0   00:00:00   00:00:01      0:0 

Memory usage stats:
JobID            MaxRSS MaxRSSTask     AveRSS MaxPages   MaxPagesTask   AvePages 
------------ ---------- ---------- ---------- -------- -------------- ---------- 
602637                                                                           
602637.batch       204K          0       204K        0              0          0 
602637.exte+          0          0          0        0              0          0 

Disk usage stats:
JobID         MaxDiskRead MaxDiskReadTask    AveDiskRead MaxDiskWrite MaxDiskWriteTask   AveDiskWrite 
------------ ------------ --------------- -------------- ------------ ---------------- -------------- 
602637                                                                                                
602637.batch            0               0              0        0.00M                0          0.00M 
602637.exte+        0.01M               0          0.01M        0.00M                0          0.00M 

GPU usage stats:

Job 602637 completed at Mon Apr 29 12:28:21 CEST 2024
