Starting job 436061 on gpu-5 at Thu Feb 22 11:08:31 CET 2024

Submitted batch job 436085

Task and CPU usage stats:
JobID           JobName  AllocCPUS   NTasks     MinCPU MinCPUTask     AveCPU    Elapsed ExitCode 
------------ ---------- ---------- -------- ---------- ---------- ---------- ---------- -------- 
436061       start.slu+          1                                             00:00:00      0:0 
436061.batch      batch          1        1   00:00:00          0   00:00:00   00:00:00      0:0 
436061.exte+     extern          1        1   00:00:00          0   00:00:00   00:00:00      0:0 

Memory usage stats:
JobID            MaxRSS MaxRSSTask     AveRSS MaxPages   MaxPagesTask   AvePages 
------------ ---------- ---------- ---------- -------- -------------- ---------- 
436061                                                                           
436061.batch       352K          0       352K        1              0          1 
436061.exte+          0          0          0        0              0          0 

Disk usage stats:
JobID         MaxDiskRead MaxDiskReadTask    AveDiskRead MaxDiskWrite MaxDiskWriteTask   AveDiskWrite 
------------ ------------ --------------- -------------- ------------ ---------------- -------------- 
436061                                                                                                
436061.batch            0               0              0        0.00M                0          0.00M 
436061.exte+        0.01M               0          0.01M        0.00M                0          0.00M 

Job 436061 completed at Thu Feb 22 11:08:31 CET 2024
