Starting job 450766 on c1-27 at Fri Mar 8 15:31:06 CET 2024

Submitted batch job 450768

Task and CPU usage stats:
JobID           JobName  AllocCPUS   NTasks     MinCPU MinCPUTask     AveCPU    Elapsed ExitCode 
------------ ---------- ---------- -------- ---------- ---------- ---------- ---------- -------- 
450766       allocation          1                                             00:00:00      0:0 
450766.batch      batch          1        1   00:00:00          0   00:00:00   00:00:00      0:0 
450766.exte+     extern          1        1   00:00:00          0   00:00:00   00:00:00      0:0 

Memory usage stats:
JobID            MaxRSS MaxRSSTask     AveRSS MaxPages   MaxPagesTask   AvePages 
------------ ---------- ---------- ---------- -------- -------------- ---------- 
450766                                                                           
450766.batch       312K          0       312K        0              0          0 
450766.exte+       196K          0       196K        0              0          0 

Disk usage stats:
JobID         MaxDiskRead MaxDiskReadTask    AveDiskRead MaxDiskWrite MaxDiskWriteTask   AveDiskWrite 
------------ ------------ --------------- -------------- ------------ ---------------- -------------- 
450766                                                                                                
450766.batch            0               0              0        0.00M                0          0.00M 
450766.exte+        0.01M               0          0.01M        0.00M                0          0.00M 

Job 450766 completed at Fri Mar 8 15:31:06 CET 2024
