Starting job 450789 on c1-28 at Fri Mar 8 15:31:39 CET 2024

Submitted batch job 450790

Task and CPU usage stats:
JobID           JobName  AllocCPUS   NTasks     MinCPU MinCPUTask     AveCPU    Elapsed ExitCode 
------------ ---------- ---------- -------- ---------- ---------- ---------- ---------- -------- 
450789       allocation          1                                             00:00:00      0:0 
450789.batch      batch          1        1   00:00:00          0   00:00:00   00:00:00      0:0 
450789.exte+     extern          1        1   00:00:00          0   00:00:00   00:00:00      0:0 

Memory usage stats:
JobID            MaxRSS MaxRSSTask     AveRSS MaxPages   MaxPagesTask   AvePages 
------------ ---------- ---------- ---------- -------- -------------- ---------- 
450789                                                                           
450789.batch       244K          0       244K        0              0          0 
450789.exte+       200K          0       200K        0              0          0 

Disk usage stats:
JobID         MaxDiskRead MaxDiskReadTask    AveDiskRead MaxDiskWrite MaxDiskWriteTask   AveDiskWrite 
------------ ------------ --------------- -------------- ------------ ---------------- -------------- 
450789                                                                                                
450789.batch            0               0              0        0.00M                0          0.00M 
450789.exte+        0.01M               0          0.01M        0.00M                0          0.00M 

Job 450789 completed at Fri Mar 8 15:31:39 CET 2024
