Starting job 450775 on c1-28 at Fri Mar 8 15:31:17 CET 2024

Submitted batch job 450780

Task and CPU usage stats:
JobID           JobName  AllocCPUS   NTasks     MinCPU MinCPUTask     AveCPU    Elapsed ExitCode 
------------ ---------- ---------- -------- ---------- ---------- ---------- ---------- -------- 
450775       start.slu+          1                                             00:00:00      0:0 
450775.batch      batch          1        1   00:00:00          0   00:00:00   00:00:00      0:0 
450775.exte+     extern          1        1   00:00:00          0   00:00:00   00:00:00      0:0 

Memory usage stats:
JobID            MaxRSS MaxRSSTask     AveRSS MaxPages   MaxPagesTask   AvePages 
------------ ---------- ---------- ---------- -------- -------------- ---------- 
450775                                                                           
450775.batch       144K          0       144K        0              0          0 
450775.exte+          0          0          0        0              0          0 

Disk usage stats:
JobID         MaxDiskRead MaxDiskReadTask    AveDiskRead MaxDiskWrite MaxDiskWriteTask   AveDiskWrite 
------------ ------------ --------------- -------------- ------------ ---------------- -------------- 
450775                                                                                                
450775.batch            0               0              0        0.00M                0          0.00M 
450775.exte+        0.01M               0          0.01M        0.00M                0          0.00M 

Job 450775 completed at Fri Mar 8 15:31:17 CET 2024
