Starting job 450164 on c1-28 at Fri Mar 8 12:18:48 CET 2024

Submitted batch job 450165

Task and CPU usage stats:
JobID           JobName  AllocCPUS   NTasks     MinCPU MinCPUTask     AveCPU    Elapsed ExitCode 
------------ ---------- ---------- -------- ---------- ---------- ---------- ---------- -------- 
450164       start.slu+          1                                             00:00:01      0:0 
450164.batch      batch          1        1   00:00:00          0   00:00:00   00:00:01      0:0 
450164.exte+     extern          1        1   00:00:00          0   00:00:00   00:00:01      0:0 

Memory usage stats:
JobID            MaxRSS MaxRSSTask     AveRSS MaxPages   MaxPagesTask   AvePages 
------------ ---------- ---------- ---------- -------- -------------- ---------- 
450164                                                                           
450164.batch        92K          0        92K        0              0          0 
450164.exte+       200K          0       200K        0              0          0 

Disk usage stats:
JobID         MaxDiskRead MaxDiskReadTask    AveDiskRead MaxDiskWrite MaxDiskWriteTask   AveDiskWrite 
------------ ------------ --------------- -------------- ------------ ---------------- -------------- 
450164                                                                                                
450164.batch            0               0              0        0.00M                0          0.00M 
450164.exte+        0.01M               0          0.01M        0.00M                0          0.00M 

Job 450164 completed at Fri Mar 8 12:18:48 CET 2024
