Starting job 450168 on c1-28 at Fri Mar 8 12:19:08 CET 2024

Submitted batch job 450169

Task and CPU usage stats:
JobID           JobName  AllocCPUS   NTasks     MinCPU MinCPUTask     AveCPU    Elapsed ExitCode 
------------ ---------- ---------- -------- ---------- ---------- ---------- ---------- -------- 
450168       start.slu+          1                                             00:00:00      0:0 
450168.batch      batch          1        1   00:00:00          0   00:00:00   00:00:00      0:0 
450168.exte+     extern          1        1   00:00:00          0   00:00:00   00:00:00      0:0 

Memory usage stats:
JobID            MaxRSS MaxRSSTask     AveRSS MaxPages   MaxPagesTask   AvePages 
------------ ---------- ---------- ---------- -------- -------------- ---------- 
450168                                                                           
450168.batch       104K          0       104K        0              0          0 
450168.exte+       204K          0       204K        0              0          0 

Disk usage stats:
JobID         MaxDiskRead MaxDiskReadTask    AveDiskRead MaxDiskWrite MaxDiskWriteTask   AveDiskWrite 
------------ ------------ --------------- -------------- ------------ ---------------- -------------- 
450168                                                                                                
450168.batch            0               0              0        0.00M                0          0.00M 
450168.exte+        0.01M               0          0.01M        0.00M                0          0.00M 

Job 450168 completed at Fri Mar 8 12:19:08 CET 2024
