Starting job 450166 on c1-28 at Fri Mar 8 12:18:55 CET 2024

Submitted batch job 450167

Task and CPU usage stats:
JobID           JobName  AllocCPUS   NTasks     MinCPU MinCPUTask     AveCPU    Elapsed ExitCode 
------------ ---------- ---------- -------- ---------- ---------- ---------- ---------- -------- 
450166       allocation          1                                             00:00:00      0:0 
450166.batch      batch          1        1   00:00:00          0   00:00:00   00:00:00      0:0 
450166.exte+     extern          1        1   00:00:00          0   00:00:00   00:00:00      0:0 

Memory usage stats:
JobID            MaxRSS MaxRSSTask     AveRSS MaxPages   MaxPagesTask   AvePages 
------------ ---------- ---------- ---------- -------- -------------- ---------- 
450166                                                                           
450166.batch       104K          0       104K        0              0          0 
450166.exte+       196K          0       196K        0              0          0 

Disk usage stats:
JobID         MaxDiskRead MaxDiskReadTask    AveDiskRead MaxDiskWrite MaxDiskWriteTask   AveDiskWrite 
------------ ------------ --------------- -------------- ------------ ---------------- -------------- 
450166                                                                                                
450166.batch            0               0              0        0.00M                0          0.00M 
450166.exte+        0.01M               0          0.01M        0.00M                0          0.00M 

Job 450166 completed at Fri Mar 8 12:18:56 CET 2024
