Starting job 450791 on c1-28 at Fri Mar 8 15:31:55 CET 2024

Submitted batch job 450792

Task and CPU usage stats:
JobID           JobName  AllocCPUS   NTasks     MinCPU MinCPUTask     AveCPU    Elapsed ExitCode 
------------ ---------- ---------- -------- ---------- ---------- ---------- ---------- -------- 
450791       start.slu+          1                                             00:00:01      0:0 
450791.batch      batch          1        1   00:00:00          0   00:00:00   00:00:01      0:0 
450791.exte+     extern          1        1   00:00:00          0   00:00:00   00:00:01      0:0 

Memory usage stats:
JobID            MaxRSS MaxRSSTask     AveRSS MaxPages   MaxPagesTask   AvePages 
------------ ---------- ---------- ---------- -------- -------------- ---------- 
450791                                                                           
450791.batch       332K          0       332K        0              0          0 
450791.exte+       200K          0       200K        0              0          0 

Disk usage stats:
JobID         MaxDiskRead MaxDiskReadTask    AveDiskRead MaxDiskWrite MaxDiskWriteTask   AveDiskWrite 
------------ ------------ --------------- -------------- ------------ ---------------- -------------- 
450791                                                                                                
450791.batch            0               0              0        0.00M                0          0.00M 
450791.exte+        0.01M               0          0.01M        0.00M                0          0.00M 

Job 450791 completed at Fri Mar 8 15:31:55 CET 2024
