Starting job 450170 on c1-28 at Fri Mar 8 12:19:16 CET 2024

Submitted batch job 450171

Task and CPU usage stats:
JobID           JobName  AllocCPUS   NTasks     MinCPU MinCPUTask     AveCPU    Elapsed ExitCode 
------------ ---------- ---------- -------- ---------- ---------- ---------- ---------- -------- 
450170       allocation          1                                             00:00:01      0:0 
450170.batch      batch          1        1   00:00:00          0   00:00:00   00:00:01      0:0 
450170.exte+     extern          1        1   00:00:00          0   00:00:00   00:00:01      0:0 

Memory usage stats:
JobID            MaxRSS MaxRSSTask     AveRSS MaxPages   MaxPagesTask   AvePages 
------------ ---------- ---------- ---------- -------- -------------- ---------- 
450170                                                                           
450170.batch       108K          0       108K        0              0          0 
450170.exte+       200K          0       200K        0              0          0 

Disk usage stats:
JobID         MaxDiskRead MaxDiskReadTask    AveDiskRead MaxDiskWrite MaxDiskWriteTask   AveDiskWrite 
------------ ------------ --------------- -------------- ------------ ---------------- -------------- 
450170                                                                                                
450170.batch            0               0              0        0.00M                0          0.00M 
450170.exte+        0.01M               0          0.01M        0.00M                0          0.00M 

Job 450170 completed at Fri Mar 8 12:19:16 CET 2024
