Starting job 449955 on c1-28 at Fri Mar 8 09:57:21 CET 2024

Time(event) - 595.86680 s

Task and CPU usage stats:
JobID           JobName  AllocCPUS   NTasks     MinCPU MinCPUTask     AveCPU    Elapsed ExitCode 
------------ ---------- ---------- -------- ---------- ---------- ---------- ---------- -------- 
449955       width256_+          1                                             00:10:03      0:0 
449955.batch      batch          1        1   00:10:00          0   00:10:00   00:10:03      0:0 
449955.exte+     extern          1        1   00:00:00          0   00:00:00   00:10:03      0:0 

Memory usage stats:
JobID            MaxRSS MaxRSSTask     AveRSS MaxPages   MaxPagesTask   AvePages 
------------ ---------- ---------- ---------- -------- -------------- ---------- 
449955                                                                           
449955.batch    131752K          0    131752K        0              0          0 
449955.exte+       200K          0       200K        0              0          0 

Disk usage stats:
JobID         MaxDiskRead MaxDiskReadTask    AveDiskRead MaxDiskWrite MaxDiskWriteTask   AveDiskWrite 
------------ ------------ --------------- -------------- ------------ ---------------- -------------- 
449955                                                                                                
449955.batch       34.54M               0         34.54M        8.06M                0          8.06M 
449955.exte+        0.01M               0          0.01M        0.00M                0          0.00M 

Job 449955 completed at Fri Mar 8 10:07:25 CET 2024
