Starting job 451594 on c1-28 at Fri Mar 8 17:25:12 CET 2024

Time(event) - 0.00000 s

Task and CPU usage stats:
JobID           JobName  AllocCPUS   NTasks     MinCPU MinCPUTask     AveCPU    Elapsed ExitCode 
------------ ---------- ---------- -------- ---------- ---------- ---------- ---------- -------- 
451594       width100_+          1                                             00:01:52      0:0 
451594.batch      batch          1        1   00:00:00          0   00:00:00   00:01:52      0:0 
451594.exte+     extern          1        1   00:00:00          0   00:00:00   00:01:52      0:0 

Memory usage stats:
JobID            MaxRSS MaxRSSTask     AveRSS MaxPages   MaxPagesTask   AvePages 
------------ ---------- ---------- ---------- -------- -------------- ---------- 
451594                                                                           
451594.batch      1108K          0      1108K        0              0          0 
451594.exte+       204K          0       204K        0              0          0 

Disk usage stats:
JobID         MaxDiskRead MaxDiskReadTask    AveDiskRead MaxDiskWrite MaxDiskWriteTask   AveDiskWrite 
------------ ------------ --------------- -------------- ------------ ---------------- -------------- 
451594                                                                                                
451594.batch        4.27M               0          4.27M        0.03M                0          0.03M 
451594.exte+        0.01M               0          0.01M        0.00M                0          0.00M 

Job 451594 completed at Fri Mar 8 17:27:04 CET 2024
