Starting job 451399 on c1-28 at Fri Mar 8 16:43:27 CET 2024

Time(event) - 0.00895 s

Task and CPU usage stats:
JobID           JobName  AllocCPUS   NTasks     MinCPU MinCPUTask     AveCPU    Elapsed ExitCode 
------------ ---------- ---------- -------- ---------- ---------- ---------- ---------- -------- 
451399       allocation          1                                             00:00:01      0:0 
451399.batch      batch          1        1   00:00:00          0   00:00:00   00:00:01      0:0 
451399.exte+     extern          1        1   00:00:00          0   00:00:00   00:00:01      0:0 

Memory usage stats:
JobID            MaxRSS MaxRSSTask     AveRSS MaxPages   MaxPagesTask   AvePages 
------------ ---------- ---------- ---------- -------- -------------- ---------- 
451399                                                                           
451399.batch     16188K          0     16188K        0              0          0 
451399.exte+       200K          0       200K        0              0          0 

Disk usage stats:
JobID         MaxDiskRead MaxDiskReadTask    AveDiskRead MaxDiskWrite MaxDiskWriteTask   AveDiskWrite 
------------ ------------ --------------- -------------- ------------ ---------------- -------------- 
451399                                                                                                
451399.batch            0               0              0        0.00M                0          0.00M 
451399.exte+        0.01M               0          0.01M        0.00M                0          0.00M 

Job 451399 completed at Fri Mar 8 16:43:28 CET 2024
Starting job 451401 on c1-28 at Fri Mar 8 16:43:50 CET 2024

Time(event) - 0.00896 s

Task and CPU usage stats:
JobID           JobName  AllocCPUS   NTasks     MinCPU MinCPUTask     AveCPU    Elapsed ExitCode 
------------ ---------- ---------- -------- ---------- ---------- ---------- ---------- -------- 
451401       width100_+          1                                             00:00:01      0:0 
451401.batch      batch          1        1   00:00:00          0   00:00:00   00:00:01      0:0 
451401.exte+     extern          1        1   00:00:00          0   00:00:00   00:00:01      0:0 

Memory usage stats:
JobID            MaxRSS MaxRSSTask     AveRSS MaxPages   MaxPagesTask   AvePages 
------------ ---------- ---------- ---------- -------- -------------- ---------- 
451401                                                                           
451401.batch        48K          0        48K        0              0          0 
451401.exte+       200K          0       200K        0              0          0 

Disk usage stats:
JobID         MaxDiskRead MaxDiskReadTask    AveDiskRead MaxDiskWrite MaxDiskWriteTask   AveDiskWrite 
------------ ------------ --------------- -------------- ------------ ---------------- -------------- 
451401                                                                                                
451401.batch            0               0              0        0.00M                0          0.00M 
451401.exte+        0.01M               0          0.01M        0.00M                0          0.00M 

Job 451401 completed at Fri Mar 8 16:43:51 CET 2024
