Starting job 450815 on c1-28 at Fri Mar 8 15:36:12 CET 2024

Time(event) - 1576.80937 s

Task and CPU usage stats:
JobID           JobName  AllocCPUS   NTasks     MinCPU MinCPUTask     AveCPU    Elapsed ExitCode 
------------ ---------- ---------- -------- ---------- ---------- ---------- ---------- -------- 
450815       width512_+          1                                             00:26:58      0:0 
450815.batch      batch          1        1   00:26:42          0   00:26:42   00:26:58      0:0 
450815.exte+     extern          1        1   00:00:00          0   00:00:00   00:26:58      0:0 

Memory usage stats:
JobID            MaxRSS MaxRSSTask     AveRSS MaxPages   MaxPagesTask   AvePages 
------------ ---------- ---------- ---------- -------- -------------- ---------- 
450815                                                                           
450815.batch   1049340K          0   1049340K        0              0          0 
450815.exte+       204K          0       204K        0              0          0 

Disk usage stats:
JobID         MaxDiskRead MaxDiskReadTask    AveDiskRead MaxDiskWrite MaxDiskWriteTask   AveDiskWrite 
------------ ------------ --------------- -------------- ------------ ---------------- -------------- 
450815                                                                                                
450815.batch        5.70M               0          5.70M        0.05M                0          0.05M 
450815.exte+        0.01M               0          0.01M        0.00M                0          0.00M 

Job 450815 completed at Fri Mar 8 16:03:10 CET 2024
