Starting job 448909 on c1-28 at Thu Mar 7 10:17:30 CET 2024

Time(event) - 1206.28396 s

Task and CPU usage stats:
JobID           JobName  AllocCPUS   NTasks     MinCPU MinCPUTask     AveCPU    Elapsed ExitCode 
------------ ---------- ---------- -------- ---------- ---------- ---------- ---------- -------- 
448909       width256_+          1                                             00:20:20      0:0 
448909.batch      batch          1        1   00:20:14          0   00:20:14   00:20:20      0:0 
448909.exte+     extern          1        1   00:00:00          0   00:00:00   00:20:20      0:0 

Memory usage stats:
JobID            MaxRSS MaxRSSTask     AveRSS MaxPages   MaxPagesTask   AvePages 
------------ ---------- ---------- ---------- -------- -------------- ---------- 
448909                                                                           
448909.batch    263024K          0    263024K        0              0          0 
448909.exte+       200K          0       200K        0              0          0 

Disk usage stats:
JobID         MaxDiskRead MaxDiskReadTask    AveDiskRead MaxDiskWrite MaxDiskWriteTask   AveDiskWrite 
------------ ------------ --------------- -------------- ------------ ---------------- -------------- 
448909                                                                                                
448909.batch       34.55M               0         34.55M        8.06M                0          8.06M 
448909.exte+        0.01M               0          0.01M        0.00M                0          0.00M 

Job 448909 completed at Thu Mar 7 10:37:50 CET 2024
