Starting job 453000 on c1-28 at Mon Mar 11 10:36:41 CET 2024

Time(event) - 1065.77154 s

Task and CPU usage stats:
JobID           JobName  AllocCPUS   NTasks     MinCPU MinCPUTask     AveCPU    Elapsed ExitCode 
------------ ---------- ---------- -------- ---------- ---------- ---------- ---------- -------- 
453000       width512_+          1                                             00:18:08      0:0 
453000.batch      batch          1        1   00:17:57          0   00:17:57   00:18:08      0:0 
453000.exte+     extern          1        1   00:00:00          0   00:00:00   00:18:08      0:0 

Memory usage stats:
JobID            MaxRSS MaxRSSTask     AveRSS MaxPages   MaxPagesTask   AvePages 
------------ ---------- ---------- ---------- -------- -------------- ---------- 
453000                                                                           
453000.batch    525044K          0    525044K        0              0          0 
453000.exte+       200K          0       200K        0              0          0 

Disk usage stats:
JobID         MaxDiskRead MaxDiskReadTask    AveDiskRead MaxDiskWrite MaxDiskWriteTask   AveDiskWrite 
------------ ------------ --------------- -------------- ------------ ---------------- -------------- 
453000                                                                                                
453000.batch        5.69M               0          5.69M      306.22M                0        306.22M 
453000.exte+        0.01M               0          0.01M        0.00M                0          0.00M 

Job 453000 completed at Mon Mar 11 10:54:50 CET 2024
