Starting job 480346 on gpu-7 at Tue Mar 19 17:02:57 CET 2024

Time(event) - 283.47010 s

Task and CPU usage stats:
JobID           JobName  AllocCPUS   NTasks     MinCPU MinCPUTask     AveCPU    Elapsed ExitCode 
------------ ---------- ---------- -------- ---------- ---------- ---------- ---------- -------- 
480346       width256_+          1                                             00:04:52      0:0 
480346.batch      batch          1        1   00:04:49          0   00:04:49   00:04:52      0:0 
480346.exte+     extern          1        1   00:00:00          0   00:00:00   00:04:52      0:0 

Memory usage stats:
JobID            MaxRSS MaxRSSTask     AveRSS MaxPages   MaxPagesTask   AvePages 
------------ ---------- ---------- ---------- -------- -------------- ---------- 
480346                                                                           
480346.batch    263148K          0    263148K        0              0          0 
480346.exte+          0          0          0        0              0          0 

Disk usage stats:
JobID         MaxDiskRead MaxDiskReadTask    AveDiskRead MaxDiskWrite MaxDiskWriteTask   AveDiskWrite 
------------ ------------ --------------- -------------- ------------ ---------------- -------------- 
480346                                                                                                
480346.batch        5.21M               0          5.21M        0.05M                0          0.05M 
480346.exte+        0.01M               0          0.01M        0.00M                0          0.00M 

Job 480346 completed at Tue Mar 19 17:07:49 CET 2024
