Starting job 451605 on c1-28 at Fri Mar 8 17:29:39 CET 2024

Time(event) - 136.53597 s

Task and CPU usage stats:
JobID           JobName  AllocCPUS   NTasks     MinCPU MinCPUTask     AveCPU    Elapsed ExitCode 
------------ ---------- ---------- -------- ---------- ---------- ---------- ---------- -------- 
451605       width256_+          1                                             00:02:19      0:0 
451605.batch      batch          1        1   00:02:18          0   00:02:18   00:02:19      0:0 
451605.exte+     extern          1        1   00:00:00          0   00:00:00   00:02:19      0:0 

Memory usage stats:
JobID            MaxRSS MaxRSSTask     AveRSS MaxPages   MaxPagesTask   AvePages 
------------ ---------- ---------- ---------- -------- -------------- ---------- 
451605                                                                           
451605.batch     66168K          0     66168K        0              0          0 
451605.exte+       208K          0       208K        0              0          0 

Disk usage stats:
JobID         MaxDiskRead MaxDiskReadTask    AveDiskRead MaxDiskWrite MaxDiskWriteTask   AveDiskWrite 
------------ ------------ --------------- -------------- ------------ ---------------- -------------- 
451605                                                                                                
451605.batch        5.70M               0          5.70M        0.05M                0          0.05M 
451605.exte+        0.01M               0          0.01M        0.00M                0          0.00M 

Job 451605 completed at Fri Mar 8 17:31:58 CET 2024
