Starting job 452991 on c1-28 at Mon Mar 11 10:36:10 CET 2024

Time(event) - 33.08254 s

Task and CPU usage stats:
JobID           JobName  AllocCPUS   NTasks     MinCPU MinCPUTask     AveCPU    Elapsed ExitCode 
------------ ---------- ---------- -------- ---------- ---------- ---------- ---------- -------- 
452991       width128_+          1                                             00:00:35      0:0 
452991.batch      batch          1        1   00:00:34          0   00:00:34   00:00:35      0:0 
452991.exte+     extern          1        1   00:00:00          0   00:00:00   00:00:35      0:0 

Memory usage stats:
JobID            MaxRSS MaxRSSTask     AveRSS MaxPages   MaxPagesTask   AvePages 
------------ ---------- ---------- ---------- -------- -------------- ---------- 
452991                                                                           
452991.batch     35136K          0     35136K        0              0          0 
452991.exte+       208K          0       208K        0              0          0 

Disk usage stats:
JobID         MaxDiskRead MaxDiskReadTask    AveDiskRead MaxDiskWrite MaxDiskWriteTask   AveDiskWrite 
------------ ------------ --------------- -------------- ------------ ---------------- -------------- 
452991                                                                                                
452991.batch        5.69M               0          5.69M        0.05M                0          0.05M 
452991.exte+        0.01M               0          0.01M        0.00M                0          0.00M 

Job 452991 completed at Mon Mar 11 10:36:45 CET 2024
