Starting job 452998 on c1-28 at Mon Mar 11 10:36:36 CET 2024

Time(event) - 656.61251 s

Task and CPU usage stats:
JobID           JobName  AllocCPUS   NTasks     MinCPU MinCPUTask     AveCPU    Elapsed ExitCode 
------------ ---------- ---------- -------- ---------- ---------- ---------- ---------- -------- 
452998       width256_+          1                                             00:11:09      0:0 
452998.batch      batch          1        1   00:11:03          0   00:11:03   00:11:09      0:0 
452998.exte+     extern          1        1   00:00:00          0   00:00:00   00:11:09      0:0 

Memory usage stats:
JobID            MaxRSS MaxRSSTask     AveRSS MaxPages   MaxPagesTask   AvePages 
------------ ---------- ---------- ---------- -------- -------------- ---------- 
452998                                                                           
452998.batch    262888K          0    262888K        0              0          0 
452998.exte+       204K          0       204K        0              0          0 

Disk usage stats:
JobID         MaxDiskRead MaxDiskReadTask    AveDiskRead MaxDiskWrite MaxDiskWriteTask   AveDiskWrite 
------------ ------------ --------------- -------------- ------------ ---------------- -------------- 
452998                                                                                                
452998.batch        5.69M               0          5.69M        0.05M                0          0.05M 
452998.exte+        0.01M               0          0.01M        0.00M                0          0.00M 

Job 452998 completed at Mon Mar 11 10:47:45 CET 2024
