Starting job 448907 on c1-28 at Thu Mar 7 10:17:17 CET 2024

Time(event) - 148.51411 s

Task and CPU usage stats:
JobID           JobName  AllocCPUS   NTasks     MinCPU MinCPUTask     AveCPU    Elapsed ExitCode 
------------ ---------- ---------- -------- ---------- ---------- ---------- ---------- -------- 
448907       width128_+          1                                             00:02:32      0:0 
448907.batch      batch          1        1   00:02:31          0   00:02:31   00:02:32      0:0 
448907.exte+     extern          1        1   00:00:00          0   00:00:00   00:02:32      0:0 

Memory usage stats:
JobID            MaxRSS MaxRSSTask     AveRSS MaxPages   MaxPagesTask   AvePages 
------------ ---------- ---------- ---------- -------- -------------- ---------- 
448907                                                                           
448907.batch     33580K          0     33580K        0              0          0 
448907.exte+       200K          0       200K        0              0          0 

Disk usage stats:
JobID         MaxDiskRead MaxDiskReadTask    AveDiskRead MaxDiskWrite MaxDiskWriteTask   AveDiskWrite 
------------ ------------ --------------- -------------- ------------ ---------------- -------------- 
448907                                                                                                
448907.batch       34.55M               0         34.55M        8.06M                0          8.06M 
448907.exte+        0.01M               0          0.01M        0.00M                0          0.00M 

Job 448907 completed at Thu Mar 7 10:19:49 CET 2024
