Starting job 449995 on gpu-9 at Fri Mar 8 11:06:11 CET 2024

Submitted batch job 449996

Task and CPU usage stats:
JobID           JobName  AllocCPUS   NTasks     MinCPU MinCPUTask     AveCPU    Elapsed ExitCode 
------------ ---------- ---------- -------- ---------- ---------- ---------- ---------- -------- 
449995       allocation          1                                             00:00:00      0:0 
449995.batch      batch          1        1   00:00:00          0   00:00:00   00:00:00      0:0 
449995.exte+     extern          1        1   00:00:00          0   00:00:00   00:00:00      0:0 

Memory usage stats:
JobID            MaxRSS MaxRSSTask     AveRSS MaxPages   MaxPagesTask   AvePages 
------------ ---------- ---------- ---------- -------- -------------- ---------- 
449995                                                                           
449995.batch       132K          0       132K        0              0          0 
449995.exte+          0          0          0        0              0          0 

Disk usage stats:
JobID         MaxDiskRead MaxDiskReadTask    AveDiskRead MaxDiskWrite MaxDiskWriteTask   AveDiskWrite 
------------ ------------ --------------- -------------- ------------ ---------------- -------------- 
449995                                                                                                
449995.batch            0               0              0        0.00M                0          0.00M 
449995.exte+        0.01M               0          0.01M        0.00M                0          0.00M 

GPU usage stats:

Job 449995 completed at Fri Mar 8 11:06:12 CET 2024
