Starting job 446495 on gpu-5 at Tue Mar 5 15:10:13 CET 2024

Submitted batch job 446589

Task and CPU usage stats:
JobID           JobName  AllocCPUS   NTasks     MinCPU MinCPUTask     AveCPU    Elapsed ExitCode 
------------ ---------- ---------- -------- ---------- ---------- ---------- ---------- -------- 
446495       start.slu+          1                                             00:00:01      0:0 
446495.batch      batch          1        1   00:00:00          0   00:00:00   00:00:01      0:0 
446495.exte+     extern          1        1   00:00:00          0   00:00:00   00:00:01      0:0 

Memory usage stats:
JobID            MaxRSS MaxRSSTask     AveRSS MaxPages   MaxPagesTask   AvePages 
------------ ---------- ---------- ---------- -------- -------------- ---------- 
446495                                                                           
446495.batch       252K          0       252K        0              0          0 
446495.exte+          0          0          0        0              0          0 

Disk usage stats:
JobID         MaxDiskRead MaxDiskReadTask    AveDiskRead MaxDiskWrite MaxDiskWriteTask   AveDiskWrite 
------------ ------------ --------------- -------------- ------------ ---------------- -------------- 
446495                                                                                                
446495.batch            0               0              0        0.00M                0          0.00M 
446495.exte+        0.01M               0          0.01M        0.00M                0          0.00M 

Job 446495 completed at Tue Mar 5 15:10:14 CET 2024
