Starting job 449017 on gpu-9 at Thu Mar 7 11:05:23 CET 2024

Submitted batch job 449018

Task and CPU usage stats:
JobID           JobName  AllocCPUS   NTasks     MinCPU MinCPUTask     AveCPU    Elapsed ExitCode 
------------ ---------- ---------- -------- ---------- ---------- ---------- ---------- -------- 
449017       start.slu+          1                                             00:00:01      0:0 
449017.batch      batch          1        1   00:00:00          0   00:00:00   00:00:01      0:0 
449017.exte+     extern          1        1   00:00:00          0   00:00:00   00:00:01      0:0 

Memory usage stats:
JobID            MaxRSS MaxRSSTask     AveRSS MaxPages   MaxPagesTask   AvePages 
------------ ---------- ---------- ---------- -------- -------------- ---------- 
449017                                                                           
449017.batch       256K          0       256K        0              0          0 
449017.exte+          0          0          0        0              0          0 

Disk usage stats:
JobID         MaxDiskRead MaxDiskReadTask    AveDiskRead MaxDiskWrite MaxDiskWriteTask   AveDiskWrite 
------------ ------------ --------------- -------------- ------------ ---------------- -------------- 
449017                                                                                                
449017.batch            0               0              0        0.00M                0          0.00M 
449017.exte+        0.01M               0          0.01M        0.00M                0          0.00M 

GPU usage stats:

Job 449017 completed at Thu Mar 7 11:05:23 CET 2024
