Starting job 450154 on gpu-9 at Fri Mar 8 12:14:50 CET 2024

Submitted batch job 450159

Task and CPU usage stats:
JobID           JobName  AllocCPUS   NTasks     MinCPU MinCPUTask     AveCPU    Elapsed ExitCode 
------------ ---------- ---------- -------- ---------- ---------- ---------- ---------- -------- 
450154       start.slu+          1                                             00:00:01      0:0 
450154.batch      batch          1        1   00:00:00          0   00:00:00   00:00:01      0:0 
450154.exte+     extern          1        1   00:00:00          0   00:00:00   00:00:01      0:0 

Memory usage stats:
JobID            MaxRSS MaxRSSTask     AveRSS MaxPages   MaxPagesTask   AvePages 
------------ ---------- ---------- ---------- -------- -------------- ---------- 
450154                                                                           
450154.batch       264K          0       264K        0              0          0 
450154.exte+          0          0          0        0              0          0 

Disk usage stats:
JobID         MaxDiskRead MaxDiskReadTask    AveDiskRead MaxDiskWrite MaxDiskWriteTask   AveDiskWrite 
------------ ------------ --------------- -------------- ------------ ---------------- -------------- 
450154                                                                                                
450154.batch            0               0              0        0.00M                0          0.00M 
450154.exte+        0.01M               0          0.01M        0.00M                0          0.00M 

GPU usage stats:

Job 450154 completed at Fri Mar 8 12:14:50 CET 2024
