Starting job 450153 on gpu-4 at Fri Mar 8 12:14:40 CET 2024

Submitted batch job 450157

Task and CPU usage stats:
JobID           JobName  AllocCPUS   NTasks     MinCPU MinCPUTask     AveCPU    Elapsed ExitCode 
------------ ---------- ---------- -------- ---------- ---------- ---------- ---------- -------- 
450153       start.slu+          1                                             00:00:01      0:0 
450153.batch      batch          1        1   00:00:00          0   00:00:00   00:00:01      0:0 
450153.exte+     extern          1        1   00:00:00          0   00:00:00   00:00:01      0:0 

Memory usage stats:
JobID            MaxRSS MaxRSSTask     AveRSS MaxPages   MaxPagesTask   AvePages 
------------ ---------- ---------- ---------- -------- -------------- ---------- 
450153                                                                           
450153.batch       340K          0       340K        1              0          1 
450153.exte+          0          0          0        0              0          0 

Disk usage stats:
JobID         MaxDiskRead MaxDiskReadTask    AveDiskRead MaxDiskWrite MaxDiskWriteTask   AveDiskWrite 
------------ ------------ --------------- -------------- ------------ ---------------- -------------- 
450153                                                                                                
450153.batch            0               0              0        0.00M                0          0.00M 
450153.exte+        0.01M               0          0.01M        0.00M                0          0.00M 

Job 450153 completed at Fri Mar 8 12:14:41 CET 2024
