Starting job 447794 on gpu-9 at Wed Mar 6 11:21:44 CET 2024

Submitted batch job 447795

Task and CPU usage stats:
JobID           JobName  AllocCPUS   NTasks     MinCPU MinCPUTask     AveCPU    Elapsed ExitCode 
------------ ---------- ---------- -------- ---------- ---------- ---------- ---------- -------- 
447794       start.slu+          1                                             00:00:01      0:0 
447794.batch      batch          1        1   00:00:00          0   00:00:00   00:00:01      0:0 
447794.exte+     extern          1        1   00:00:00          0   00:00:00   00:00:01      0:0 

Memory usage stats:
JobID            MaxRSS MaxRSSTask     AveRSS MaxPages   MaxPagesTask   AvePages 
------------ ---------- ---------- ---------- -------- -------------- ---------- 
447794                                                                           
447794.batch       100K          0       100K        0              0          0 
447794.exte+          0          0          0        0              0          0 

Disk usage stats:
JobID         MaxDiskRead MaxDiskReadTask    AveDiskRead MaxDiskWrite MaxDiskWriteTask   AveDiskWrite 
------------ ------------ --------------- -------------- ------------ ---------------- -------------- 
447794                                                                                                
447794.batch            0               0              0        0.00M                0          0.00M 
447794.exte+        0.01M               0          0.01M        0.00M                0          0.00M 

GPU usage stats:

Job 447794 completed at Wed Mar 6 11:21:44 CET 2024
