Starting job 449990 on gpu-9 at Fri Mar 8 10:59:41 CET 2024

Submitted batch job 449991

Task and CPU usage stats:
JobID           JobName  AllocCPUS   NTasks     MinCPU MinCPUTask     AveCPU    Elapsed ExitCode 
------------ ---------- ---------- -------- ---------- ---------- ---------- ---------- -------- 
449990       start.slu+          1                                             00:00:00      0:0 
449990.batch      batch          1        1   00:00:00          0   00:00:00   00:00:00      0:0 
449990.exte+     extern          1        1   00:00:00          0   00:00:00   00:00:00      0:0 

Memory usage stats:
JobID            MaxRSS MaxRSSTask     AveRSS MaxPages   MaxPagesTask   AvePages 
------------ ---------- ---------- ---------- -------- -------------- ---------- 
449990                                                                           
449990.batch       100K          0       100K        0              0          0 
449990.exte+          0          0          0        0              0          0 

Disk usage stats:
JobID         MaxDiskRead MaxDiskReadTask    AveDiskRead MaxDiskWrite MaxDiskWriteTask   AveDiskWrite 
------------ ------------ --------------- -------------- ------------ ---------------- -------------- 
449990                                                                                                
449990.batch            0               0              0        0.00M                0          0.00M 
449990.exte+        0.01M               0          0.01M        0.00M                0          0.00M 

GPU usage stats:

Job 449990 completed at Fri Mar 8 10:59:41 CET 2024
