Starting job 524176 on gpu-5 at Mon Apr 15 15:15:08 CEST 2024

Submitted batch job 524177

Task and CPU usage stats:
JobID           JobName  AllocCPUS   NTasks     MinCPU MinCPUTask     AveCPU    Elapsed ExitCode 
------------ ---------- ---------- -------- ---------- ---------- ---------- ---------- -------- 
524176       start.slu+          1                                             00:00:01      0:0 
524176.batch      batch          1        1   00:00:00          0   00:00:00   00:00:01      0:0 
524176.exte+     extern          1        1   00:00:00          0   00:00:00   00:00:01      0:0 

Memory usage stats:
JobID            MaxRSS MaxRSSTask     AveRSS MaxPages   MaxPagesTask   AvePages 
------------ ---------- ---------- ---------- -------- -------------- ---------- 
524176                                                                           
524176.batch       248K          0       248K        0              0          0 
524176.exte+          0          0          0        0              0          0 

Disk usage stats:
JobID         MaxDiskRead MaxDiskReadTask    AveDiskRead MaxDiskWrite MaxDiskWriteTask   AveDiskWrite 
------------ ------------ --------------- -------------- ------------ ---------------- -------------- 
524176                                                                                                
524176.batch            0               0              0        0.00M                0          0.00M 
524176.exte+        0.01M               0          0.01M        0.00M                0          0.00M 

Job 524176 completed at Mon Apr 15 15:15:08 CEST 2024
