Starting job 448908 on c1-28 at Thu Mar 7 10:17:28 CET 2024

Submitted batch job 448909

Task and CPU usage stats:
JobID           JobName  AllocCPUS   NTasks     MinCPU MinCPUTask     AveCPU    Elapsed ExitCode 
------------ ---------- ---------- -------- ---------- ---------- ---------- ---------- -------- 
448908       allocation          1                                             00:00:01      0:0 
448908.batch      batch          1        1   00:00:00          0   00:00:00   00:00:01      0:0 
448908.exte+     extern          1        1   00:00:00          0   00:00:00   00:00:01      0:0 

Memory usage stats:
JobID            MaxRSS MaxRSSTask     AveRSS MaxPages   MaxPagesTask   AvePages 
------------ ---------- ---------- ---------- -------- -------------- ---------- 
448908                                                                           
448908.batch       120K          0       120K        0              0          0 
448908.exte+       200K          0       200K        0              0          0 

Disk usage stats:
JobID         MaxDiskRead MaxDiskReadTask    AveDiskRead MaxDiskWrite MaxDiskWriteTask   AveDiskWrite 
------------ ------------ --------------- -------------- ------------ ---------------- -------------- 
448908                                                                                                
448908.batch            0               0              0        0.00M                0          0.00M 
448908.exte+        0.01M               0          0.01M        0.00M                0          0.00M 

Job 448908 completed at Thu Mar 7 10:17:28 CET 2024
