Starting job 448904 on c1-28 at Thu Mar 7 10:15:28 CET 2024

Submitted batch job 448905

Task and CPU usage stats:
JobID           JobName  AllocCPUS   NTasks     MinCPU MinCPUTask     AveCPU    Elapsed ExitCode 
------------ ---------- ---------- -------- ---------- ---------- ---------- ---------- -------- 
448904       allocation          1                                             00:00:01      0:0 
448904.batch      batch          1        1   00:00:00          0   00:00:00   00:00:01      0:0 
448904.exte+     extern          1        1   00:00:00          0   00:00:00   00:00:01      0:0 

Memory usage stats:
JobID            MaxRSS MaxRSSTask     AveRSS MaxPages   MaxPagesTask   AvePages 
------------ ---------- ---------- ---------- -------- -------------- ---------- 
448904                                                                           
448904.batch       248K          0       248K        0              0          0 
448904.exte+       196K          0       196K        0              0          0 

Disk usage stats:
JobID         MaxDiskRead MaxDiskReadTask    AveDiskRead MaxDiskWrite MaxDiskWriteTask   AveDiskWrite 
------------ ------------ --------------- -------------- ------------ ---------------- -------------- 
448904                                                                                                
448904.batch            0               0              0        0.00M                0          0.00M 
448904.exte+        0.01M               0          0.01M        0.00M                0          0.00M 

Job 448904 completed at Thu Mar 7 10:15:28 CET 2024
