Starting job 451602 on c1-28 at Fri Mar 8 17:29:29 CET 2024

Submitted batch job 451603

Task and CPU usage stats:
JobID           JobName  AllocCPUS   NTasks     MinCPU MinCPUTask     AveCPU    Elapsed ExitCode 
------------ ---------- ---------- -------- ---------- ---------- ---------- ---------- -------- 
451602       allocation          1                                             00:00:01      0:0 
451602.batch      batch          1        1   00:00:00          0   00:00:00   00:00:01      0:0 
451602.exte+     extern          1        1   00:00:00          0   00:00:00   00:00:01      0:0 

Memory usage stats:
JobID            MaxRSS MaxRSSTask     AveRSS MaxPages   MaxPagesTask   AvePages 
------------ ---------- ---------- ---------- -------- -------------- ---------- 
451602                                                                           
451602.batch       392K          0       392K        0              0          0 
451602.exte+       200K          0       200K        0              0          0 

Disk usage stats:
JobID         MaxDiskRead MaxDiskReadTask    AveDiskRead MaxDiskWrite MaxDiskWriteTask   AveDiskWrite 
------------ ------------ --------------- -------------- ------------ ---------------- -------------- 
451602                                                                                                
451602.batch            0               0              0        0.00M                0          0.00M 
451602.exte+        0.01M               0          0.01M        0.00M                0          0.00M 

Job 451602 completed at Fri Mar 8 17:29:29 CET 2024
