Starting job 448906 on c1-28 at Thu Mar 7 10:17:15 CET 2024

Submitted batch job 448907

Task and CPU usage stats:
JobID           JobName  AllocCPUS   NTasks     MinCPU MinCPUTask     AveCPU    Elapsed ExitCode 
------------ ---------- ---------- -------- ---------- ---------- ---------- ---------- -------- 
448906       allocation          1                                             00:00:01      0:0 
448906.batch      batch          1        1   00:00:00          0   00:00:00   00:00:01      0:0 
448906.exte+     extern          1        1   00:00:00          0   00:00:00   00:00:01      0:0 

Memory usage stats:
JobID            MaxRSS MaxRSSTask     AveRSS MaxPages   MaxPagesTask   AvePages 
------------ ---------- ---------- ---------- -------- -------------- ---------- 
448906                                                                           
448906.batch       104K          0       104K        0              0          0 
448906.exte+       196K          0       196K        0              0          0 

Disk usage stats:
JobID         MaxDiskRead MaxDiskReadTask    AveDiskRead MaxDiskWrite MaxDiskWriteTask   AveDiskWrite 
------------ ------------ --------------- -------------- ------------ ---------------- -------------- 
448906                                                                                                
448906.batch            0               0              0        0.00M                0          0.00M 
448906.exte+        0.01M               0          0.01M        0.00M                0          0.00M 

Job 448906 completed at Thu Mar 7 10:17:15 CET 2024
