Starting job 480349 on gpu-9 at Tue Mar 19 17:02:57 CET 2024

Submitted batch job 480351

Task and CPU usage stats:
JobID           JobName  AllocCPUS   NTasks     MinCPU MinCPUTask     AveCPU    Elapsed ExitCode 
------------ ---------- ---------- -------- ---------- ---------- ---------- ---------- -------- 
480349       start.slu+          1                                             00:00:01      0:0 
480349.batch      batch          1        1   00:00:00          0   00:00:00   00:00:01      0:0 
480349.exte+     extern          1        1   00:00:00          0   00:00:00   00:00:01      0:0 

Memory usage stats:
JobID            MaxRSS MaxRSSTask     AveRSS MaxPages   MaxPagesTask   AvePages 
------------ ---------- ---------- ---------- -------- -------------- ---------- 
480349                                                                           
480349.batch        92K          0        92K        0              0          0 
480349.exte+          0          0          0        0              0          0 

Disk usage stats:
JobID         MaxDiskRead MaxDiskReadTask    AveDiskRead MaxDiskWrite MaxDiskWriteTask   AveDiskWrite 
------------ ------------ --------------- -------------- ------------ ---------------- -------------- 
480349                                                                                                
480349.batch            0               0              0        0.00M                0          0.00M 
480349.exte+        0.01M               0          0.01M        0.00M                0          0.00M 

Job 480349 completed at Tue Mar 19 17:02:58 CET 2024
