Starting job 451606 on c1-28 at Fri Mar 8 17:29:42 CET 2024

Submitted batch job 451607

Task and CPU usage stats:
JobID           JobName  AllocCPUS   NTasks     MinCPU MinCPUTask     AveCPU    Elapsed ExitCode 
------------ ---------- ---------- -------- ---------- ---------- ---------- ---------- -------- 
451606       start.slu+          1                                             00:00:00      0:0 
451606.batch      batch          1        1   00:00:00          0   00:00:00   00:00:00      0:0 
451606.exte+     extern          1        1                                    00:00:00      0:0 

Memory usage stats:
JobID            MaxRSS MaxRSSTask     AveRSS MaxPages   MaxPagesTask   AvePages 
------------ ---------- ---------- ---------- -------- -------------- ---------- 
451606                                                                           
451606.batch       104K          0       104K        0              0          0 
451606.exte+       200K          0       200K        0              0          0 

Disk usage stats:
JobID         MaxDiskRead MaxDiskReadTask    AveDiskRead MaxDiskWrite MaxDiskWriteTask   AveDiskWrite 
------------ ------------ --------------- -------------- ------------ ---------------- -------------- 
451606                                                                                                
451606.batch            0               0              0        0.00M                0          0.00M 
451606.exte+        0.01M               0          0.01M        0.00M                0          0.00M 

Job 451606 completed at Fri Mar 8 17:29:42 CET 2024
