Starting job 601859 on gpu-9 at Mon Apr 29 11:42:01 CEST 2024

Submitted batch job 601860

Task and CPU usage stats:
JobID           JobName  AllocCPUS   NTasks     MinCPU MinCPUTask     AveCPU    Elapsed ExitCode 
------------ ---------- ---------- -------- ---------- ---------- ---------- ---------- -------- 
601859       allocation          1                                             00:00:01      0:0 
601859.batch      batch          1        1   00:00:00          0   00:00:00   00:00:01      0:0 
601859.exte+     extern          1        1   00:00:00          0   00:00:00   00:00:01      0:0 

Memory usage stats:
JobID            MaxRSS MaxRSSTask     AveRSS MaxPages   MaxPagesTask   AvePages 
------------ ---------- ---------- ---------- -------- -------------- ---------- 
601859                                                                           
601859.batch        96K          0        96K        0              0          0 
601859.exte+          0          0          0        0              0          0 

Disk usage stats:
JobID         MaxDiskRead MaxDiskReadTask    AveDiskRead MaxDiskWrite MaxDiskWriteTask   AveDiskWrite 
------------ ------------ --------------- -------------- ------------ ---------------- -------------- 
601859                                                                                                
601859.batch            0               0              0        0.00M                0          0.00M 
601859.exte+        0.01M               0          0.01M        0.00M                0          0.00M 

Job 601859 completed at Mon Apr 29 11:42:01 CEST 2024
