Starting job 602509 on gpu-9 at Mon Apr 29 12:05:03 CEST 2024

Submitted batch job 602510

Task and CPU usage stats:
JobID           JobName  AllocCPUS   NTasks     MinCPU MinCPUTask     AveCPU    Elapsed ExitCode 
------------ ---------- ---------- -------- ---------- ---------- ---------- ---------- -------- 
602509       start.slu+          1                                             00:00:00      0:0 
602509.batch      batch          1        1   00:00:00          0   00:00:00   00:00:00      0:0 
602509.exte+     extern          1        1   00:00:00          0   00:00:00   00:00:00      0:0 

Memory usage stats:
JobID            MaxRSS MaxRSSTask     AveRSS MaxPages   MaxPagesTask   AvePages 
------------ ---------- ---------- ---------- -------- -------------- ---------- 
602509                                                                           
602509.batch       244K          0       244K        0              0          0 
602509.exte+          0          0          0        0              0          0 

Disk usage stats:
JobID         MaxDiskRead MaxDiskReadTask    AveDiskRead MaxDiskWrite MaxDiskWriteTask   AveDiskWrite 
------------ ------------ --------------- -------------- ------------ ---------------- -------------- 
602509                                                                                                
602509.batch            0               0              0        0.00M                0          0.00M 
602509.exte+        0.01M               0          0.01M        0.00M                0          0.00M 

Job 602509 completed at Mon Apr 29 12:05:03 CEST 2024
