Starting job 480341 on gpu-9 at Tue Mar 19 17:02:27 CET 2024

Submitted batch job 480343

Task and CPU usage stats:
JobID           JobName  AllocCPUS   NTasks     MinCPU MinCPUTask     AveCPU    Elapsed ExitCode 
------------ ---------- ---------- -------- ---------- ---------- ---------- ---------- -------- 
480341       start.slu+          1                                             00:00:00      0:0 
480341.batch      batch          1        1   00:00:00          0   00:00:00   00:00:00      0:0 
480341.exte+     extern          1        1   00:00:00          0   00:00:00   00:00:00      0:0 

Memory usage stats:
JobID            MaxRSS MaxRSSTask     AveRSS MaxPages   MaxPagesTask   AvePages 
------------ ---------- ---------- ---------- -------- -------------- ---------- 
480341                                                                           
480341.batch       264K          0       264K        0              0          0 
480341.exte+          0          0          0        0              0          0 

Disk usage stats:
JobID         MaxDiskRead MaxDiskReadTask    AveDiskRead MaxDiskWrite MaxDiskWriteTask   AveDiskWrite 
------------ ------------ --------------- -------------- ------------ ---------------- -------------- 
480341                                                                                                
480341.batch            0               0              0        0.00M                0          0.00M 
480341.exte+        0.01M               0          0.01M        0.00M                0          0.00M 

Job 480341 completed at Tue Mar 19 17:02:28 CET 2024
