Starting job 601737 on gpu-9 at Mon Apr 29 11:32:22 CEST 2024

Submitted batch job 601738

Task and CPU usage stats:
JobID           JobName  AllocCPUS   NTasks     MinCPU MinCPUTask     AveCPU    Elapsed ExitCode 
------------ ---------- ---------- -------- ---------- ---------- ---------- ---------- -------- 
601737       allocation          1                                             00:00:00      0:0 
601737.batch      batch          1        1   00:00:00          0   00:00:00   00:00:00      0:0 
601737.exte+     extern          1        1   00:00:00          0   00:00:00   00:00:00      0:0 

Memory usage stats:
JobID            MaxRSS MaxRSSTask     AveRSS MaxPages   MaxPagesTask   AvePages 
------------ ---------- ---------- ---------- -------- -------------- ---------- 
601737                                                                           
601737.batch       308K          0       308K        0              0          0 
601737.exte+          0          0          0        0              0          0 

Disk usage stats:
JobID         MaxDiskRead MaxDiskReadTask    AveDiskRead MaxDiskWrite MaxDiskWriteTask   AveDiskWrite 
------------ ------------ --------------- -------------- ------------ ---------------- -------------- 
601737                                                                                                
601737.batch            0               0              0        0.00M                0          0.00M 
601737.exte+        0.01M               0          0.01M        0.00M                0          0.00M 

Job 601737 completed at Mon Apr 29 11:32:22 CEST 2024
