Starting job 451610 on c1-28 at Fri Mar 8 17:29:51 CET 2024

Submitted batch job 451611

Task and CPU usage stats:
JobID           JobName  AllocCPUS   NTasks     MinCPU MinCPUTask     AveCPU    Elapsed ExitCode 
------------ ---------- ---------- -------- ---------- ---------- ---------- ---------- -------- 
451610       allocation          1                                             00:00:00      0:0 
451610.batch      batch          1        1   00:00:00          0   00:00:00   00:00:00      0:0 
451610.exte+     extern          1        1   00:00:00          0   00:00:00   00:00:00      0:0 

Memory usage stats:
JobID            MaxRSS MaxRSSTask     AveRSS MaxPages   MaxPagesTask   AvePages 
------------ ---------- ---------- ---------- -------- -------------- ---------- 
451610                                                                           
451610.batch       260K          0       260K        0              0          0 
451610.exte+          0          0          0        0              0          0 

Disk usage stats:
JobID         MaxDiskRead MaxDiskReadTask    AveDiskRead MaxDiskWrite MaxDiskWriteTask   AveDiskWrite 
------------ ------------ --------------- -------------- ------------ ---------------- -------------- 
451610                                                                                                
451610.batch            0               0              0        0.00M                0          0.00M 
451610.exte+        0.01M               0          0.01M        0.00M                0          0.00M 

Job 451610 completed at Fri Mar 8 17:29:51 CET 2024
