Starting job 601861 on c1-28 at Mon Apr 29 11:42:08 CEST 2024

Submitted batch job 601862

Task and CPU usage stats:
JobID           JobName  AllocCPUS   NTasks     MinCPU MinCPUTask     AveCPU    Elapsed ExitCode 
------------ ---------- ---------- -------- ---------- ---------- ---------- ---------- -------- 
601861       allocation          1                                             00:00:01      0:0 
601861.batch      batch          1        1   00:00:00          0   00:00:00   00:00:01      0:0 
601861.exte+     extern          1        1   00:00:00          0   00:00:00   00:00:01      0:0 

Memory usage stats:
JobID            MaxRSS MaxRSSTask     AveRSS MaxPages   MaxPagesTask   AvePages 
------------ ---------- ---------- ---------- -------- -------------- ---------- 
601861                                                                           
601861.batch       112K          0       112K        0              0          0 
601861.exte+       196K          0       196K        0              0          0 

Disk usage stats:
JobID         MaxDiskRead MaxDiskReadTask    AveDiskRead MaxDiskWrite MaxDiskWriteTask   AveDiskWrite 
------------ ------------ --------------- -------------- ------------ ---------------- -------------- 
601861                                                                                                
601861.batch            0               0              0        0.00M                0          0.00M 
601861.exte+        0.01M               0          0.01M        0.00M                0          0.00M 

Job 601861 completed at Mon Apr 29 11:42:08 CEST 2024
