Starting job 451400 on c1-28 at Fri Mar 8 16:43:48 CET 2024

Submitted batch job 451401

Task and CPU usage stats:
JobID           JobName  AllocCPUS   NTasks     MinCPU MinCPUTask     AveCPU    Elapsed ExitCode 
------------ ---------- ---------- -------- ---------- ---------- ---------- ---------- -------- 
451400       allocation          1                                             00:00:01      0:0 
451400.batch      batch          1        1   00:00:00          0   00:00:00   00:00:01      0:0 
451400.exte+     extern          1        1   00:00:00          0   00:00:00   00:00:01      0:0 

Memory usage stats:
JobID            MaxRSS MaxRSSTask     AveRSS MaxPages   MaxPagesTask   AvePages 
------------ ---------- ---------- ---------- -------- -------------- ---------- 
451400                                                                           
451400.batch       360K          0       360K        0              0          0 
451400.exte+       204K          0       204K        0              0          0 

Disk usage stats:
JobID         MaxDiskRead MaxDiskReadTask    AveDiskRead MaxDiskWrite MaxDiskWriteTask   AveDiskWrite 
------------ ------------ --------------- -------------- ------------ ---------------- -------------- 
451400                                                                                                
451400.batch            0               0              0        0.00M                0          0.00M 
451400.exte+        0.01M               0          0.01M        0.00M                0          0.00M 

Job 451400 completed at Fri Mar 8 16:43:48 CET 2024
