Starting job 451612 on c1-28 at Fri Mar 8 17:30:00 CET 2024

Submitted batch job 451613

Task and CPU usage stats:
JobID           JobName  AllocCPUS   NTasks     MinCPU MinCPUTask     AveCPU    Elapsed ExitCode 
------------ ---------- ---------- -------- ---------- ---------- ---------- ---------- -------- 
451612       allocation          1                                             00:00:01      0:0 
451612.batch      batch          1        1   00:00:00          0   00:00:00   00:00:01      0:0 
451612.exte+     extern          1        1   00:00:00          0   00:00:00   00:00:01      0:0 

Memory usage stats:
JobID            MaxRSS MaxRSSTask     AveRSS MaxPages   MaxPagesTask   AvePages 
------------ ---------- ---------- ---------- -------- -------------- ---------- 
451612                                                                           
451612.batch       108K          0       108K        0              0          0 
451612.exte+       204K          0       204K        0              0          0 

Disk usage stats:
JobID         MaxDiskRead MaxDiskReadTask    AveDiskRead MaxDiskWrite MaxDiskWriteTask   AveDiskWrite 
------------ ------------ --------------- -------------- ------------ ---------------- -------------- 
451612                                                                                                
451612.batch            0               0              0        0.00M                0          0.00M 
451612.exte+        0.01M               0          0.01M        0.00M                0          0.00M 

Job 451612 completed at Fri Mar 8 17:30:00 CET 2024
