Starting job 451604 on c1-28 at Fri Mar 8 17:29:37 CET 2024

Submitted batch job 451605

Task and CPU usage stats:
JobID           JobName  AllocCPUS   NTasks     MinCPU MinCPUTask     AveCPU    Elapsed ExitCode 
------------ ---------- ---------- -------- ---------- ---------- ---------- ---------- -------- 
451604       start.slu+          1                                             00:00:01      0:0 
451604.batch      batch          1        1   00:00:00          0   00:00:00   00:00:01      0:0 
451604.exte+     extern          1        1                                    00:00:01      0:0 

Memory usage stats:
JobID            MaxRSS MaxRSSTask     AveRSS MaxPages   MaxPagesTask   AvePages 
------------ ---------- ---------- ---------- -------- -------------- ---------- 
451604                                                                           
451604.batch       124K          0       124K        0              0          0 
451604.exte+       200K          0       200K        0              0          0 

Disk usage stats:
JobID         MaxDiskRead MaxDiskReadTask    AveDiskRead MaxDiskWrite MaxDiskWriteTask   AveDiskWrite 
------------ ------------ --------------- -------------- ------------ ---------------- -------------- 
451604                                                                                                
451604.batch            0               0              0        0.00M                0          0.00M 
451604.exte+        0.01M               0          0.01M        0.00M                0          0.00M 

Job 451604 completed at Fri Mar 8 17:29:37 CET 2024
