Starting job 451608 on c1-28 at Fri Mar 8 17:29:48 CET 2024

Submitted batch job 451609

Task and CPU usage stats:
JobID           JobName  AllocCPUS   NTasks     MinCPU MinCPUTask     AveCPU    Elapsed ExitCode 
------------ ---------- ---------- -------- ---------- ---------- ---------- ---------- -------- 
451608       start.slu+          1                                             00:00:00      0:0 
451608.batch      batch          1        1   00:00:00          0   00:00:00   00:00:00      0:0 
451608.exte+     extern          1        1   00:00:00          0   00:00:00   00:00:00      0:0 

Memory usage stats:
JobID            MaxRSS MaxRSSTask     AveRSS MaxPages   MaxPagesTask   AvePages 
------------ ---------- ---------- ---------- -------- -------------- ---------- 
451608                                                                           
451608.batch        92K          0        92K        0              0          0 
451608.exte+       200K          0       200K        0              0          0 

Disk usage stats:
JobID         MaxDiskRead MaxDiskReadTask    AveDiskRead MaxDiskWrite MaxDiskWriteTask   AveDiskWrite 
------------ ------------ --------------- -------------- ------------ ---------------- -------------- 
451608                                                                                                
451608.batch            0               0              0        0.00M                0          0.00M 
451608.exte+        0.01M               0          0.01M        0.00M                0          0.00M 

Job 451608 completed at Fri Mar 8 17:29:48 CET 2024
