Starting job 451398 on c1-28 at Fri Mar 8 16:43:24 CET 2024

Submitted batch job 451399

Task and CPU usage stats:
JobID           JobName  AllocCPUS   NTasks     MinCPU MinCPUTask     AveCPU    Elapsed ExitCode 
------------ ---------- ---------- -------- ---------- ---------- ---------- ---------- -------- 
451398       start.slu+          1                                             00:00:00      0:0 
451398.batch      batch          1        1   00:00:00          0   00:00:00   00:00:00      0:0 
451398.exte+     extern          1        1   00:00:00          0   00:00:00   00:00:00      0:0 

Memory usage stats:
JobID            MaxRSS MaxRSSTask     AveRSS MaxPages   MaxPagesTask   AvePages 
------------ ---------- ---------- ---------- -------- -------------- ---------- 
451398                                                                           
451398.batch       360K          0       360K        0              0          0 
451398.exte+          0          0          0        0              0          0 

Disk usage stats:
JobID         MaxDiskRead MaxDiskReadTask    AveDiskRead MaxDiskWrite MaxDiskWriteTask   AveDiskWrite 
------------ ------------ --------------- -------------- ------------ ---------------- -------------- 
451398                                                                                                
451398.batch            0               0              0        0.00M                0          0.00M 
451398.exte+        0.01M               0          0.01M        0.00M                0          0.00M 

Job 451398 completed at Fri Mar 8 16:43:24 CET 2024
