Starting job 480340 on gpu-9 at Tue Mar 19 17:02:27 CET 2024

Submitted batch job 480345

Task and CPU usage stats:
JobID           JobName  AllocCPUS   NTasks     MinCPU MinCPUTask     AveCPU    Elapsed ExitCode 
------------ ---------- ---------- -------- ---------- ---------- ---------- ---------- -------- 
480340       start.slu+          1                                             00:00:00      0:0 
480340.batch      batch          1        1   00:00:00          0   00:00:00   00:00:00      0:0 
480340.exte+     extern          1        1   00:00:00          0   00:00:00   00:00:00      0:0 

Memory usage stats:
JobID            MaxRSS MaxRSSTask     AveRSS MaxPages   MaxPagesTask   AvePages 
------------ ---------- ---------- ---------- -------- -------------- ---------- 
480340                                                                           
480340.batch       188K          0       188K        0              0          0 
480340.exte+          0          0          0        0              0          0 

Disk usage stats:
JobID         MaxDiskRead MaxDiskReadTask    AveDiskRead MaxDiskWrite MaxDiskWriteTask   AveDiskWrite 
------------ ------------ --------------- -------------- ------------ ---------------- -------------- 
480340                                                                                                
480340.batch            0               0              0        0.00M                0          0.00M 
480340.exte+        0.01M               0          0.01M        0.00M                0          0.00M 

Job 480340 completed at Tue Mar 19 17:02:28 CET 2024
