Starting job 480342 on gpu-9 at Tue Mar 19 17:02:27 CET 2024

Submitted batch job 480346

Task and CPU usage stats:
JobID           JobName  AllocCPUS   NTasks     MinCPU MinCPUTask     AveCPU    Elapsed ExitCode 
------------ ---------- ---------- -------- ---------- ---------- ---------- ---------- -------- 
480342       start.slu+          1                                             00:00:00      0:0 
480342.batch      batch          1        1   00:00:00          0   00:00:00   00:00:00      0:0 
480342.exte+     extern          1        1   00:00:00          0   00:00:00   00:00:00      0:0 

Memory usage stats:
JobID            MaxRSS MaxRSSTask     AveRSS MaxPages   MaxPagesTask   AvePages 
------------ ---------- ---------- ---------- -------- -------------- ---------- 
480342                                                                           
480342.batch       196K          0       196K        0              0          0 
480342.exte+          0          0          0        0              0          0 

Disk usage stats:
JobID         MaxDiskRead MaxDiskReadTask    AveDiskRead MaxDiskWrite MaxDiskWriteTask   AveDiskWrite 
------------ ------------ --------------- -------------- ------------ ---------------- -------------- 
480342                                                                                                
480342.batch            0               0              0        0.00M                0          0.00M 
480342.exte+        0.01M               0          0.01M        0.00M                0          0.00M 

Job 480342 completed at Tue Mar 19 17:02:28 CET 2024
