Starting job 451593 on c1-28 at Fri Mar 8 17:25:10 CET 2024

Submitted batch job 451594

Task and CPU usage stats:
JobID           JobName  AllocCPUS   NTasks     MinCPU MinCPUTask     AveCPU    Elapsed ExitCode 
------------ ---------- ---------- -------- ---------- ---------- ---------- ---------- -------- 
451593       allocation          1                                             00:00:01      0:0 
451593.batch      batch          1        1   00:00:00          0   00:00:00   00:00:01      0:0 
451593.exte+     extern          1        1   00:00:00          0   00:00:00   00:00:01      0:0 

Memory usage stats:
JobID            MaxRSS MaxRSSTask     AveRSS MaxPages   MaxPagesTask   AvePages 
------------ ---------- ---------- ---------- -------- -------------- ---------- 
451593                                                                           
451593.batch       496K          0       496K        0              0          0 
451593.exte+       196K          0       196K        0              0          0 

Disk usage stats:
JobID         MaxDiskRead MaxDiskReadTask    AveDiskRead MaxDiskWrite MaxDiskWriteTask   AveDiskWrite 
------------ ------------ --------------- -------------- ------------ ---------------- -------------- 
451593                                                                                                
451593.batch            0               0              0        0.00M                0          0.00M 
451593.exte+        0.01M               0          0.01M        0.00M                0          0.00M 

Job 451593 completed at Fri Mar 8 17:25:10 CET 2024
