Starting job 601735 on c1-28 at Mon Apr 29 11:32:16 CEST 2024

Submitted batch job 601736

Task and CPU usage stats:
JobID           JobName  AllocCPUS   NTasks     MinCPU MinCPUTask     AveCPU    Elapsed ExitCode 
------------ ---------- ---------- -------- ---------- ---------- ---------- ---------- -------- 
601735       start.slu+          1                                             00:00:00      0:0 
601735.batch      batch          1        1   00:00:00          0   00:00:00   00:00:00      0:0 
601735.exte+     extern          1        1   00:00:00          0   00:00:00   00:00:00      0:0 

Memory usage stats:
JobID            MaxRSS MaxRSSTask     AveRSS MaxPages   MaxPagesTask   AvePages 
------------ ---------- ---------- ---------- -------- -------------- ---------- 
601735                                                                           
601735.batch       104K          0       104K        0              0          0 
601735.exte+       204K          0       204K        0              0          0 

Disk usage stats:
JobID         MaxDiskRead MaxDiskReadTask    AveDiskRead MaxDiskWrite MaxDiskWriteTask   AveDiskWrite 
------------ ------------ --------------- -------------- ------------ ---------------- -------------- 
601735                                                                                                
601735.batch            0               0              0        0.00M                0          0.00M 
601735.exte+        0.01M               0          0.01M        0.00M                0          0.00M 

Job 601735 completed at Mon Apr 29 11:32:16 CEST 2024
