Starting job 451614 on c1-28 at Fri Mar 8 17:30:07 CET 2024

Submitted batch job 451615

Task and CPU usage stats:
JobID           JobName  AllocCPUS   NTasks     MinCPU MinCPUTask     AveCPU    Elapsed ExitCode 
------------ ---------- ---------- -------- ---------- ---------- ---------- ---------- -------- 
451614       allocation          1                                             00:00:01      0:0 
451614.batch      batch          1        1   00:00:00          0   00:00:00   00:00:01      0:0 
451614.exte+     extern          1        1   00:00:00          0   00:00:00   00:00:01      0:0 

Memory usage stats:
JobID            MaxRSS MaxRSSTask     AveRSS MaxPages   MaxPagesTask   AvePages 
------------ ---------- ---------- ---------- -------- -------------- ---------- 
451614                                                                           
451614.batch       100K          0       100K        0              0          0 
451614.exte+       200K          0       200K        0              0          0 

Disk usage stats:
JobID         MaxDiskRead MaxDiskReadTask    AveDiskRead MaxDiskWrite MaxDiskWriteTask   AveDiskWrite 
------------ ------------ --------------- -------------- ------------ ---------------- -------------- 
451614                                                                                                
451614.batch            0               0              0        0.00M                0          0.00M 
451614.exte+        0.01M               0          0.01M        0.00M                0          0.00M 

Job 451614 completed at Fri Mar 8 17:30:07 CET 2024
