Starting job 459618 on c1-25 at Tue Mar 12 14:48:10 CET 2024

Submitted batch job 459619

Task and CPU usage stats:
JobID           JobName  AllocCPUS   NTasks     MinCPU MinCPUTask     AveCPU    Elapsed ExitCode 
------------ ---------- ---------- -------- ---------- ---------- ---------- ---------- -------- 
459618       start.slu+          1                                             00:00:00      0:0 
459618.batch      batch          1        1   00:00:00          0   00:00:00   00:00:00      0:0 
459618.exte+     extern          1        1   00:00:00          0   00:00:00   00:00:00      0:0 

Memory usage stats:
JobID            MaxRSS MaxRSSTask     AveRSS MaxPages   MaxPagesTask   AvePages 
------------ ---------- ---------- ---------- -------- -------------- ---------- 
459618                                                                           
459618.batch       984K          0       984K        4              0          4 
459618.exte+       200K          0       200K        0              0          0 

Disk usage stats:
JobID         MaxDiskRead MaxDiskReadTask    AveDiskRead MaxDiskWrite MaxDiskWriteTask   AveDiskWrite 
------------ ------------ --------------- -------------- ------------ ---------------- -------------- 
459618                                                                                                
459618.batch            0               0              0        0.00M                0          0.00M 
459618.exte+        0.01M               0          0.01M        0.00M                0          0.00M 

Job 459618 completed at Tue Mar 12 14:48:10 CET 2024
