Starting job 449618 on c1-28 at Thu Mar 7 18:05:40 CET 2024

Submitted batch job 449619

Task and CPU usage stats:
JobID           JobName  AllocCPUS   NTasks     MinCPU MinCPUTask     AveCPU    Elapsed ExitCode 
------------ ---------- ---------- -------- ---------- ---------- ---------- ---------- -------- 
449618       allocation          1                                             00:00:01      0:0 
449618.batch      batch          1        1   00:00:00          0   00:00:00   00:00:01      0:0 
449618.exte+     extern          1        1   00:00:00          0   00:00:00   00:00:01      0:0 

Memory usage stats:
JobID            MaxRSS MaxRSSTask     AveRSS MaxPages   MaxPagesTask   AvePages 
------------ ---------- ---------- ---------- -------- -------------- ---------- 
449618                                                                           
449618.batch       192K          0       192K        0              0          0 
449618.exte+       204K          0       204K        0              0          0 

Disk usage stats:
JobID         MaxDiskRead MaxDiskReadTask    AveDiskRead MaxDiskWrite MaxDiskWriteTask   AveDiskWrite 
------------ ------------ --------------- -------------- ------------ ---------------- -------------- 
449618                                                                                                
449618.batch            0               0              0        0.00M                0          0.00M 
449618.exte+        0.01M               0          0.01M        0.00M                0          0.00M 

Job 449618 completed at Thu Mar 7 18:05:40 CET 2024
