Starting job 451618 on c1-28 at Fri Mar 8 17:33:59 CET 2024

Submitted batch job 451619

Task and CPU usage stats:
JobID           JobName  AllocCPUS   NTasks     MinCPU MinCPUTask     AveCPU    Elapsed ExitCode 
------------ ---------- ---------- -------- ---------- ---------- ---------- ---------- -------- 
451618       allocation          1                                             00:00:01      0:0 
451618.batch      batch          1        1   00:00:00          0   00:00:00   00:00:01      0:0 
451618.exte+     extern          1        1   00:00:00          0   00:00:00   00:00:01      0:0 

Memory usage stats:
JobID            MaxRSS MaxRSSTask     AveRSS MaxPages   MaxPagesTask   AvePages 
------------ ---------- ---------- ---------- -------- -------------- ---------- 
451618                                                                           
451618.batch       108K          0       108K        0              0          0 
451618.exte+       200K          0       200K        0              0          0 

Disk usage stats:
JobID         MaxDiskRead MaxDiskReadTask    AveDiskRead MaxDiskWrite MaxDiskWriteTask   AveDiskWrite 
------------ ------------ --------------- -------------- ------------ ---------------- -------------- 
451618                                                                                                
451618.batch            0               0              0        0.00M                0          0.00M 
451618.exte+        0.01M               0          0.01M        0.00M                0          0.00M 

Job 451618 completed at Fri Mar 8 17:33:59 CET 2024
