Starting job 449620 on c1-28 at Thu Mar 7 18:05:52 CET 2024

Submitted batch job 449621

Task and CPU usage stats:
JobID           JobName  AllocCPUS   NTasks     MinCPU MinCPUTask     AveCPU    Elapsed ExitCode 
------------ ---------- ---------- -------- ---------- ---------- ---------- ---------- -------- 
449620       allocation          1                                             00:00:01      0:0 
449620.batch      batch          1        1   00:00:00          0   00:00:00   00:00:01      0:0 
449620.exte+     extern          1        1   00:00:00          0   00:00:00   00:00:01      0:0 

Memory usage stats:
JobID            MaxRSS MaxRSSTask     AveRSS MaxPages   MaxPagesTask   AvePages 
------------ ---------- ---------- ---------- -------- -------------- ---------- 
449620                                                                           
449620.batch       192K          0       192K        0              0          0 
449620.exte+       200K          0       200K        0              0          0 

Disk usage stats:
JobID         MaxDiskRead MaxDiskReadTask    AveDiskRead MaxDiskWrite MaxDiskWriteTask   AveDiskWrite 
------------ ------------ --------------- -------------- ------------ ---------------- -------------- 
449620                                                                                                
449620.batch            0               0              0        0.00M                0          0.00M 
449620.exte+        0.01M               0          0.01M        0.00M                0          0.00M 

Job 449620 completed at Thu Mar 7 18:05:52 CET 2024
