Starting job 449614 on c1-28 at Thu Mar 7 18:05:18 CET 2024

Submitted batch job 449615

Task and CPU usage stats:
JobID           JobName  AllocCPUS   NTasks     MinCPU MinCPUTask     AveCPU    Elapsed ExitCode 
------------ ---------- ---------- -------- ---------- ---------- ---------- ---------- -------- 
449614       allocation          1                                             00:00:01      0:0 
449614.batch      batch          1        1   00:00:00          0   00:00:00   00:00:01      0:0 
449614.exte+     extern          1        1   00:00:00          0   00:00:00   00:00:01      0:0 

Memory usage stats:
JobID            MaxRSS MaxRSSTask     AveRSS MaxPages   MaxPagesTask   AvePages 
------------ ---------- ---------- ---------- -------- -------------- ---------- 
449614                                                                           
449614.batch        88K          0        88K        0              0          0 
449614.exte+       204K          0       204K        0              0          0 

Disk usage stats:
JobID         MaxDiskRead MaxDiskReadTask    AveDiskRead MaxDiskWrite MaxDiskWriteTask   AveDiskWrite 
------------ ------------ --------------- -------------- ------------ ---------------- -------------- 
449614                                                                                                
449614.batch            0               0              0        0.00M                0          0.00M 
449614.exte+        0.01M               0          0.01M        0.00M                0          0.00M 

Job 449614 completed at Thu Mar 7 18:05:19 CET 2024
