Starting job 451405 on c1-28 at Fri Mar 8 16:44:23 CET 2024

Submitted batch job 451406

Task and CPU usage stats:
JobID           JobName  AllocCPUS   NTasks     MinCPU MinCPUTask     AveCPU    Elapsed ExitCode 
------------ ---------- ---------- -------- ---------- ---------- ---------- ---------- -------- 
451405       allocation          1                                             00:00:01      0:0 
451405.batch      batch          1        1   00:00:00          0   00:00:00   00:00:01      0:0 
451405.exte+     extern          1        1   00:00:00          0   00:00:00   00:00:01      0:0 

Memory usage stats:
JobID            MaxRSS MaxRSSTask     AveRSS MaxPages   MaxPagesTask   AvePages 
------------ ---------- ---------- ---------- -------- -------------- ---------- 
451405                                                                           
451405.batch       476K          0       476K        0              0          0 
451405.exte+       200K          0       200K        0              0          0 

Disk usage stats:
JobID         MaxDiskRead MaxDiskReadTask    AveDiskRead MaxDiskWrite MaxDiskWriteTask   AveDiskWrite 
------------ ------------ --------------- -------------- ------------ ---------------- -------------- 
451405                                                                                                
451405.batch            0               0              0        0.00M                0          0.00M 
451405.exte+        0.01M               0          0.01M        0.00M                0          0.00M 

Job 451405 completed at Fri Mar 8 16:44:23 CET 2024
