Starting job 449628 on c1-28 at Thu Mar 7 18:06:27 CET 2024

Submitted batch job 449629

Task and CPU usage stats:
JobID           JobName  AllocCPUS   NTasks     MinCPU MinCPUTask     AveCPU    Elapsed ExitCode 
------------ ---------- ---------- -------- ---------- ---------- ---------- ---------- -------- 
449628       allocation          1                                             00:00:00      0:0 
449628.batch      batch          1        1   00:00:00          0   00:00:00   00:00:00      0:0 
449628.exte+     extern          1        1   00:00:00          0   00:00:00   00:00:00      0:0 

Memory usage stats:
JobID            MaxRSS MaxRSSTask     AveRSS MaxPages   MaxPagesTask   AvePages 
------------ ---------- ---------- ---------- -------- -------------- ---------- 
449628                                                                           
449628.batch       200K          0       200K        0              0          0 
449628.exte+       204K          0       204K        0              0          0 

Disk usage stats:
JobID         MaxDiskRead MaxDiskReadTask    AveDiskRead MaxDiskWrite MaxDiskWriteTask   AveDiskWrite 
------------ ------------ --------------- -------------- ------------ ---------------- -------------- 
449628                                                                                                
449628.batch            0               0              0        0.00M                0          0.00M 
449628.exte+        0.01M               0          0.01M        0.00M                0          0.00M 

Job 449628 completed at Thu Mar 7 18:06:27 CET 2024
