Starting job 449624 on c1-28 at Thu Mar 7 18:06:16 CET 2024

Submitted batch job 449625

Task and CPU usage stats:
JobID           JobName  AllocCPUS   NTasks     MinCPU MinCPUTask     AveCPU    Elapsed ExitCode 
------------ ---------- ---------- -------- ---------- ---------- ---------- ---------- -------- 
449624       allocation          1                                             00:00:01      0:0 
449624.batch      batch          1        1   00:00:00          0   00:00:00   00:00:01      0:0 
449624.exte+     extern          1        1   00:00:00          0   00:00:00   00:00:01      0:0 

Memory usage stats:
JobID            MaxRSS MaxRSSTask     AveRSS MaxPages   MaxPagesTask   AvePages 
------------ ---------- ---------- ---------- -------- -------------- ---------- 
449624                                                                           
449624.batch       148K          0       148K        0              0          0 
449624.exte+       204K          0       204K        0              0          0 

Disk usage stats:
JobID         MaxDiskRead MaxDiskReadTask    AveDiskRead MaxDiskWrite MaxDiskWriteTask   AveDiskWrite 
------------ ------------ --------------- -------------- ------------ ---------------- -------------- 
449624                                                                                                
449624.batch            0               0              0        0.00M                0          0.00M 
449624.exte+        0.01M               0          0.01M        0.00M                0          0.00M 

Job 449624 completed at Thu Mar 7 18:06:16 CET 2024
