Starting job 451288 on c1-28 at Fri Mar 8 16:40:49 CET 2024

Submitted batch job 451290

Task and CPU usage stats:
JobID           JobName  AllocCPUS   NTasks     MinCPU MinCPUTask     AveCPU    Elapsed ExitCode 
------------ ---------- ---------- -------- ---------- ---------- ---------- ---------- -------- 
451288       start.slu+          1                                             00:00:00      0:0 
451288.batch      batch          1        1   00:00:00          0   00:00:00   00:00:00      0:0 
451288.exte+     extern          1        1   00:00:00          0   00:00:00   00:00:00      0:0 

Memory usage stats:
JobID            MaxRSS MaxRSSTask     AveRSS MaxPages   MaxPagesTask   AvePages 
------------ ---------- ---------- ---------- -------- -------------- ---------- 
451288                                                                           
451288.batch       260K          0       260K        0              0          0 
451288.exte+       204K          0       204K        0              0          0 

Disk usage stats:
JobID         MaxDiskRead MaxDiskReadTask    AveDiskRead MaxDiskWrite MaxDiskWriteTask   AveDiskWrite 
------------ ------------ --------------- -------------- ------------ ---------------- -------------- 
451288                                                                                                
451288.batch            0               0              0        0.00M                0          0.00M 
451288.exte+        0.01M               0          0.01M        0.00M                0          0.00M 

Job 451288 completed at Fri Mar 8 16:40:49 CET 2024
