Starting job 439842 on c1-28 at Wed Feb 28 16:14:11 CET 2024

Submitted batch job 439843

Task and CPU usage stats:
JobID           JobName  AllocCPUS   NTasks     MinCPU MinCPUTask     AveCPU    Elapsed ExitCode 
------------ ---------- ---------- -------- ---------- ---------- ---------- ---------- -------- 
439842       start.slu+          1                                             00:00:01      0:0 
439842.batch      batch          1        1   00:00:00          0   00:00:00   00:00:01      0:0 
439842.exte+     extern          1        1                                    00:00:01      0:0 

Memory usage stats:
JobID            MaxRSS MaxRSSTask     AveRSS MaxPages   MaxPagesTask   AvePages 
------------ ---------- ---------- ---------- -------- -------------- ---------- 
439842                                                                           
439842.batch        92K          0        92K        0              0          0 
439842.exte+       204K          0       204K        0              0          0 

Disk usage stats:
JobID         MaxDiskRead MaxDiskReadTask    AveDiskRead MaxDiskWrite MaxDiskWriteTask   AveDiskWrite 
------------ ------------ --------------- -------------- ------------ ---------------- -------------- 
439842                                                                                                
439842.batch            0               0              0        0.00M                0          0.00M 
439842.exte+        0.01M               0          0.01M        0.00M                0          0.00M 

Job 439842 completed at Wed Feb 28 16:14:11 CET 2024
